<?xml version="1.0" encoding="UTF-8"?>
<testsuite xmlns:xsi="http://www.w3.org/2001/XMLSchema-instance" xsi:noNamespaceSchemaLocation="https://maven.apache.org/surefire/maven-surefire-plugin/xsd/surefire-test-report-3.0.xsd" version="3.0" name="testrunner.TestRunner" time="160.812" tests="126" errors="20" skipped="0" failures="0">
  <properties>
    <property name="sun.desktop" value="windows"/>
    <property name="awt.toolkit" value="sun.awt.windows.WToolkit"/>
    <property name="file.encoding.pkg" value="sun.io"/>
    <property name="java.specification.version" value="1.8"/>
    <property name="sun.cpu.isalist" value="amd64"/>
    <property name="sun.jnu.encoding" value="Cp1252"/>
    <property name="java.class.path" value="D:\JavaSeleniumExamples\LMSNinjaHuntersBDD\target\test-classes;D:\JavaSeleniumExamples\LMSNinjaHuntersBDD\target\classes;C:\Users\Lalitha\.m2\repository\io\cucumber\cucumber-java\6.11.0\cucumber-java-6.11.0.jar;C:\Users\Lalitha\.m2\repository\org\apiguardian\apiguardian-api\1.1.2\apiguardian-api-1.1.2.jar;C:\Users\Lalitha\.m2\repository\io\cucumber\cucumber-junit\6.11.0\cucumber-junit-6.11.0.jar;C:\Users\Lalitha\.m2\repository\io\cucumber\cucumber-core\6.11.0\cucumber-core-6.11.0.jar;C:\Users\Lalitha\.m2\repository\io\cucumber\cucumber-gherkin\6.11.0\cucumber-gherkin-6.11.0.jar;C:\Users\Lalitha\.m2\repository\io\cucumber\cucumber-gherkin-messages\6.11.0\cucumber-gherkin-messages-6.11.0.jar;C:\Users\Lalitha\.m2\repository\io\cucumber\messages\15.0.0\messages-15.0.0.jar;C:\Users\Lalitha\.m2\repository\io\cucumber\tag-expressions\3.0.1\tag-expressions-3.0.1.jar;C:\Users\Lalitha\.m2\repository\io\cucumber\cucumber-expressions\10.3.0\cucumber-expressions-10.3.0.jar;C:\Users\Lalitha\.m2\repository\io\cucumber\datatable\3.5.0\datatable-3.5.0.jar;C:\Users\Lalitha\.m2\repository\io\cucumber\cucumber-plugin\6.11.0\cucumber-plugin-6.11.0.jar;C:\Users\Lalitha\.m2\repository\io\cucumber\docstring\6.11.0\docstring-6.11.0.jar;C:\Users\Lalitha\.m2\repository\io\cucumber\html-formatter\13.0.0\html-formatter-13.0.0.jar;C:\Users\Lalitha\.m2\repository\io\cucumber\create-meta\4.0.0\create-meta-4.0.0.jar;C:\Users\Lalitha\.m2\repository\org\seleniumhq\selenium\selenium-java\3.141.59\selenium-java-3.141.59.jar;C:\Users\Lalitha\.m2\repository\org\seleniumhq\selenium\selenium-api\3.141.59\selenium-api-3.141.59.jar;C:\Users\Lalitha\.m2\repository\org\seleniumhq\selenium\selenium-chrome-driver\3.141.59\selenium-chrome-driver-3.141.59.jar;C:\Users\Lalitha\.m2\repository\org\seleniumhq\selenium\selenium-edge-driver\3.141.59\selenium-edge-driver-3.141.59.jar;C:\Users\Lalitha\.m2\repository\org\seleniumhq\selenium\selenium-firefox-driver\3.141.59\selenium-firefox-driver-3.141.59.jar;C:\Users\Lalitha\.m2\repository\org\seleniumhq\selenium\selenium-ie-driver\3.141.59\selenium-ie-driver-3.141.59.jar;C:\Users\Lalitha\.m2\repository\org\seleniumhq\selenium\selenium-opera-driver\3.141.59\selenium-opera-driver-3.141.59.jar;C:\Users\Lalitha\.m2\repository\org\seleniumhq\selenium\selenium-remote-driver\3.141.59\selenium-remote-driver-3.141.59.jar;C:\Users\Lalitha\.m2\repository\org\seleniumhq\selenium\selenium-safari-driver\3.141.59\selenium-safari-driver-3.141.59.jar;C:\Users\Lalitha\.m2\repository\org\seleniumhq\selenium\selenium-support\3.141.59\selenium-support-3.141.59.jar;C:\Users\Lalitha\.m2\repository\net\bytebuddy\byte-buddy\1.8.15\byte-buddy-1.8.15.jar;C:\Users\Lalitha\.m2\repository\org\apache\commons\commons-exec\1.3\commons-exec-1.3.jar;C:\Users\Lalitha\.m2\repository\com\google\guava\guava\25.0-jre\guava-25.0-jre.jar;C:\Users\Lalitha\.m2\repository\com\google\code\findbugs\jsr305\1.3.9\jsr305-1.3.9.jar;C:\Users\Lalitha\.m2\repository\org\checkerframework\checker-compat-qual\2.0.0\checker-compat-qual-2.0.0.jar;C:\Users\Lalitha\.m2\repository\com\google\errorprone\error_prone_annotations\2.1.3\error_prone_annotations-2.1.3.jar;C:\Users\Lalitha\.m2\repository\com\google\j2objc\j2objc-annotations\1.1\j2objc-annotations-1.1.jar;C:\Users\Lalitha\.m2\repository\org\codehaus\mojo\animal-sniffer-annotations\1.14\animal-sniffer-annotations-1.14.jar;C:\Users\Lalitha\.m2\repository\com\squareup\okhttp3\okhttp\3.11.0\okhttp-3.11.0.jar;C:\Users\Lalitha\.m2\repository\com\squareup\okio\okio\1.14.0\okio-1.14.0.jar;C:\Users\Lalitha\.m2\repository\junit\junit\4.12\junit-4.12.jar;C:\Users\Lalitha\.m2\repository\org\hamcrest\hamcrest-core\1.3\hamcrest-core-1.3.jar;C:\Users\Lalitha\.m2\repository\com\aventstack\extentreports\5.0.4\extentreports-5.0.4.jar;C:\Users\Lalitha\.m2\repository\io\reactivex\rxjava3\rxjava\3.0.4\rxjava-3.0.4.jar;C:\Users\Lalitha\.m2\repository\org\reactivestreams\reactive-streams\1.0.3\reactive-streams-1.0.3.jar;C:\Users\Lalitha\.m2\repository\org\freemarker\freemarker\2.3.30\freemarker-2.3.30.jar;C:\Users\Lalitha\.m2\repository\org\projectlombok\lombok\1.18.12\lombok-1.18.12.jar;C:\Users\Lalitha\.m2\repository\com\google\code\gson\gson\2.8.6\gson-2.8.6.jar;C:\Users\Lalitha\.m2\repository\tech\grasshopper\extentreports-cucumber6-adapter\2.1.0\extentreports-cucumber6-adapter-2.1.0.jar;C:\Users\Lalitha\.m2\repository\com\aventstack\klov-reporter\5.0.1\klov-reporter-5.0.1.jar;C:\Users\Lalitha\.m2\repository\org\mongodb\bson\3.3.0\bson-3.3.0.jar;C:\Users\Lalitha\.m2\repository\org\apache\httpcomponents\httpclient\4.5.2\httpclient-4.5.2.jar;C:\Users\Lalitha\.m2\repository\org\apache\httpcomponents\httpcore\4.4.4\httpcore-4.4.4.jar;C:\Users\Lalitha\.m2\repository\commons-logging\commons-logging\1.2\commons-logging-1.2.jar;C:\Users\Lalitha\.m2\repository\commons-codec\commons-codec\1.9\commons-codec-1.9.jar;C:\Users\Lalitha\.m2\repository\org\apache\httpcomponents\httpmime\4.5.2\httpmime-4.5.2.jar;C:\Users\Lalitha\.m2\repository\org\mongodb\mongodb-driver\3.3.0\mongodb-driver-3.3.0.jar;C:\Users\Lalitha\.m2\repository\org\mongodb\mongodb-driver-core\3.3.0\mongodb-driver-core-3.3.0.jar;"/>
    <property name="java.vm.vendor" value="Oracle Corporation"/>
    <property name="sun.arch.data.model" value="64"/>
    <property name="user.variant" value=""/>
    <property name="java.vendor.url" value="http://java.oracle.com/"/>
    <property name="user.timezone" value="America/New_York"/>
    <property name="java.vm.specification.version" value="1.8"/>
    <property name="os.name" value="Windows 11"/>
    <property name="user.country" value="US"/>
    <property name="sun.java.launcher" value="SUN_STANDARD"/>
    <property name="sun.boot.library.path" value="C:\Program Files\Java\jdk1.8.0_333\jre\bin"/>
    <property name="sun.java.command" value="C:\Users\Lalitha\AppData\Local\Temp\surefire4000559483887855881\surefirebooter-20221002134408865_3.jar C:\Users\Lalitha\AppData\Local\Temp\surefire4000559483887855881 2022-10-02T13-44-08_505-jvmRun1 surefire-20221002134408865_1tmp surefire_0-20221002134408865_2tmp"/>
    <property name="surefire.test.class.path" value="D:\JavaSeleniumExamples\LMSNinjaHuntersBDD\target\test-classes;D:\JavaSeleniumExamples\LMSNinjaHuntersBDD\target\classes;C:\Users\Lalitha\.m2\repository\io\cucumber\cucumber-java\6.11.0\cucumber-java-6.11.0.jar;C:\Users\Lalitha\.m2\repository\org\apiguardian\apiguardian-api\1.1.2\apiguardian-api-1.1.2.jar;C:\Users\Lalitha\.m2\repository\io\cucumber\cucumber-junit\6.11.0\cucumber-junit-6.11.0.jar;C:\Users\Lalitha\.m2\repository\io\cucumber\cucumber-core\6.11.0\cucumber-core-6.11.0.jar;C:\Users\Lalitha\.m2\repository\io\cucumber\cucumber-gherkin\6.11.0\cucumber-gherkin-6.11.0.jar;C:\Users\Lalitha\.m2\repository\io\cucumber\cucumber-gherkin-messages\6.11.0\cucumber-gherkin-messages-6.11.0.jar;C:\Users\Lalitha\.m2\repository\io\cucumber\messages\15.0.0\messages-15.0.0.jar;C:\Users\Lalitha\.m2\repository\io\cucumber\tag-expressions\3.0.1\tag-expressions-3.0.1.jar;C:\Users\Lalitha\.m2\repository\io\cucumber\cucumber-expressions\10.3.0\cucumber-expressions-10.3.0.jar;C:\Users\Lalitha\.m2\repository\io\cucumber\datatable\3.5.0\datatable-3.5.0.jar;C:\Users\Lalitha\.m2\repository\io\cucumber\cucumber-plugin\6.11.0\cucumber-plugin-6.11.0.jar;C:\Users\Lalitha\.m2\repository\io\cucumber\docstring\6.11.0\docstring-6.11.0.jar;C:\Users\Lalitha\.m2\repository\io\cucumber\html-formatter\13.0.0\html-formatter-13.0.0.jar;C:\Users\Lalitha\.m2\repository\io\cucumber\create-meta\4.0.0\create-meta-4.0.0.jar;C:\Users\Lalitha\.m2\repository\org\seleniumhq\selenium\selenium-java\3.141.59\selenium-java-3.141.59.jar;C:\Users\Lalitha\.m2\repository\org\seleniumhq\selenium\selenium-api\3.141.59\selenium-api-3.141.59.jar;C:\Users\Lalitha\.m2\repository\org\seleniumhq\selenium\selenium-chrome-driver\3.141.59\selenium-chrome-driver-3.141.59.jar;C:\Users\Lalitha\.m2\repository\org\seleniumhq\selenium\selenium-edge-driver\3.141.59\selenium-edge-driver-3.141.59.jar;C:\Users\Lalitha\.m2\repository\org\seleniumhq\selenium\selenium-firefox-driver\3.141.59\selenium-firefox-driver-3.141.59.jar;C:\Users\Lalitha\.m2\repository\org\seleniumhq\selenium\selenium-ie-driver\3.141.59\selenium-ie-driver-3.141.59.jar;C:\Users\Lalitha\.m2\repository\org\seleniumhq\selenium\selenium-opera-driver\3.141.59\selenium-opera-driver-3.141.59.jar;C:\Users\Lalitha\.m2\repository\org\seleniumhq\selenium\selenium-remote-driver\3.141.59\selenium-remote-driver-3.141.59.jar;C:\Users\Lalitha\.m2\repository\org\seleniumhq\selenium\selenium-safari-driver\3.141.59\selenium-safari-driver-3.141.59.jar;C:\Users\Lalitha\.m2\repository\org\seleniumhq\selenium\selenium-support\3.141.59\selenium-support-3.141.59.jar;C:\Users\Lalitha\.m2\repository\net\bytebuddy\byte-buddy\1.8.15\byte-buddy-1.8.15.jar;C:\Users\Lalitha\.m2\repository\org\apache\commons\commons-exec\1.3\commons-exec-1.3.jar;C:\Users\Lalitha\.m2\repository\com\google\guava\guava\25.0-jre\guava-25.0-jre.jar;C:\Users\Lalitha\.m2\repository\com\google\code\findbugs\jsr305\1.3.9\jsr305-1.3.9.jar;C:\Users\Lalitha\.m2\repository\org\checkerframework\checker-compat-qual\2.0.0\checker-compat-qual-2.0.0.jar;C:\Users\Lalitha\.m2\repository\com\google\errorprone\error_prone_annotations\2.1.3\error_prone_annotations-2.1.3.jar;C:\Users\Lalitha\.m2\repository\com\google\j2objc\j2objc-annotations\1.1\j2objc-annotations-1.1.jar;C:\Users\Lalitha\.m2\repository\org\codehaus\mojo\animal-sniffer-annotations\1.14\animal-sniffer-annotations-1.14.jar;C:\Users\Lalitha\.m2\repository\com\squareup\okhttp3\okhttp\3.11.0\okhttp-3.11.0.jar;C:\Users\Lalitha\.m2\repository\com\squareup\okio\okio\1.14.0\okio-1.14.0.jar;C:\Users\Lalitha\.m2\repository\junit\junit\4.12\junit-4.12.jar;C:\Users\Lalitha\.m2\repository\org\hamcrest\hamcrest-core\1.3\hamcrest-core-1.3.jar;C:\Users\Lalitha\.m2\repository\com\aventstack\extentreports\5.0.4\extentreports-5.0.4.jar;C:\Users\Lalitha\.m2\repository\io\reactivex\rxjava3\rxjava\3.0.4\rxjava-3.0.4.jar;C:\Users\Lalitha\.m2\repository\org\reactivestreams\reactive-streams\1.0.3\reactive-streams-1.0.3.jar;C:\Users\Lalitha\.m2\repository\org\freemarker\freemarker\2.3.30\freemarker-2.3.30.jar;C:\Users\Lalitha\.m2\repository\org\projectlombok\lombok\1.18.12\lombok-1.18.12.jar;C:\Users\Lalitha\.m2\repository\com\google\code\gson\gson\2.8.6\gson-2.8.6.jar;C:\Users\Lalitha\.m2\repository\tech\grasshopper\extentreports-cucumber6-adapter\2.1.0\extentreports-cucumber6-adapter-2.1.0.jar;C:\Users\Lalitha\.m2\repository\com\aventstack\klov-reporter\5.0.1\klov-reporter-5.0.1.jar;C:\Users\Lalitha\.m2\repository\org\mongodb\bson\3.3.0\bson-3.3.0.jar;C:\Users\Lalitha\.m2\repository\org\apache\httpcomponents\httpclient\4.5.2\httpclient-4.5.2.jar;C:\Users\Lalitha\.m2\repository\org\apache\httpcomponents\httpcore\4.4.4\httpcore-4.4.4.jar;C:\Users\Lalitha\.m2\repository\commons-logging\commons-logging\1.2\commons-logging-1.2.jar;C:\Users\Lalitha\.m2\repository\commons-codec\commons-codec\1.9\commons-codec-1.9.jar;C:\Users\Lalitha\.m2\repository\org\apache\httpcomponents\httpmime\4.5.2\httpmime-4.5.2.jar;C:\Users\Lalitha\.m2\repository\org\mongodb\mongodb-driver\3.3.0\mongodb-driver-3.3.0.jar;C:\Users\Lalitha\.m2\repository\org\mongodb\mongodb-driver-core\3.3.0\mongodb-driver-core-3.3.0.jar;"/>
    <property name="sun.cpu.endian" value="little"/>
    <property name="user.home" value="C:\Users\Lalitha"/>
    <property name="user.language" value="en"/>
    <property name="java.specification.vendor" value="Oracle Corporation"/>
    <property name="java.home" value="C:\Program Files\Java\jdk1.8.0_333\jre"/>
    <property name="basedir" value="D:\JavaSeleniumExamples\LMSNinjaHuntersBDD"/>
    <property name="file.separator" value="\"/>
    <property name="line.separator" value="&#10;"/>
    <property name="java.vm.specification.vendor" value="Oracle Corporation"/>
    <property name="java.specification.name" value="Java Platform API Specification"/>
    <property name="java.awt.graphicsenv" value="sun.awt.Win32GraphicsEnvironment"/>
    <property name="surefire.real.class.path" value="C:\Users\Lalitha\AppData\Local\Temp\surefire4000559483887855881\surefirebooter-20221002134408865_3.jar"/>
    <property name="sun.boot.class.path" value="C:\Program Files\Java\jdk1.8.0_333\jre\lib\resources.jar;C:\Program Files\Java\jdk1.8.0_333\jre\lib\rt.jar;C:\Program Files\Java\jdk1.8.0_333\jre\lib\sunrsasign.jar;C:\Program Files\Java\jdk1.8.0_333\jre\lib\jsse.jar;C:\Program Files\Java\jdk1.8.0_333\jre\lib\jce.jar;C:\Program Files\Java\jdk1.8.0_333\jre\lib\charsets.jar;C:\Program Files\Java\jdk1.8.0_333\jre\lib\jfr.jar;C:\Program Files\Java\jdk1.8.0_333\jre\classes"/>
    <property name="user.script" value=""/>
    <property name="sun.management.compiler" value="HotSpot 64-Bit Tiered Compilers"/>
    <property name="java.runtime.version" value="1.8.0_333-b02"/>
    <property name="user.name" value="Lalitha"/>
    <property name="path.separator" value=";"/>
    <property name="os.version" value="10.0"/>
    <property name="java.endorsed.dirs" value="C:\Program Files\Java\jdk1.8.0_333\jre\lib\endorsed"/>
    <property name="java.runtime.name" value="Java(TM) SE Runtime Environment"/>
    <property name="file.encoding" value="Cp1252"/>
    <property name="java.vm.name" value="Java HotSpot(TM) 64-Bit Server VM"/>
    <property name="localRepository" value="C:\Users\Lalitha\.m2\repository"/>
    <property name="java.vendor.url.bug" value="http://bugreport.sun.com/bugreport/"/>
    <property name="java.io.tmpdir" value="C:\Users\Lalitha\AppData\Local\Temp\"/>
    <property name="java.version" value="1.8.0_333"/>
    <property name="user.dir" value="D:\JavaSeleniumExamples\LMSNinjaHuntersBDD"/>
    <property name="os.arch" value="amd64"/>
    <property name="java.vm.specification.name" value="Java Virtual Machine Specification"/>
    <property name="java.awt.printerjob" value="sun.awt.windows.WPrinterJob"/>
    <property name="sun.os.patch.level" value=""/>
    <property name="java.library.path" value="C:\Program Files\Java\jdk1.8.0_333\jre\bin;C:\WINDOWS\Sun\Java\bin;C:\WINDOWS\system32;C:\WINDOWS;C:/Users/Lalitha/.p2/pool/plugins/org.eclipse.justj.openjdk.hotspot.jre.full.win32.x86_64_17.0.3.v20220515-1416/jre/bin/server;C:/Users/Lalitha/.p2/pool/plugins/org.eclipse.justj.openjdk.hotspot.jre.full.win32.x86_64_17.0.3.v20220515-1416/jre/bin;C:\Program Files\Python310\Scripts\;C:\Program Files\Python310\;C:\Program Files (x86)\Common Files\Oracle\Java\javapath;C:\WINDOWS\system32;C:\WINDOWS;C:\WINDOWS\System32\Wbem;C:\WINDOWS\System32\WindowsPowerShell\v1.0\;C:\WINDOWS\System32\OpenSSH\;C:\Program Files\Java\jdk1.8.0_333\bin;C:\Program Files\MySQL\MySQL Server 8.0\bin;D:\Softwares\apache-tomcat\apache-tomcat-10.0.22\bin;C:\Program Files\nodejs\;D:\Softwares\apache-maven-3.8.6\bin;D:\Softwares\drivers;D:\Softwares\allure-2.19.0\allure-2.19.0\bin;C:\Program Files\Git\cmd;C:\Program Files\MySQL\MySQL Shell 8.0\bin\;C:\Users\Lalitha\AppData\Local\Microsoft\WindowsApps;C:\Users\Lalitha\AppData\Roaming\npm;;C:\WINDOWS\System32;;."/>
    <property name="java.vm.info" value="mixed mode"/>
    <property name="java.vendor" value="Oracle Corporation"/>
    <property name="java.vm.version" value="25.333-b02"/>
    <property name="java.ext.dirs" value="C:\Program Files\Java\jdk1.8.0_333\jre\lib\ext;C:\WINDOWS\Sun\Java\lib\ext"/>
    <property name="sun.io.unicode.encoding" value="UnicodeLittle"/>
    <property name="java.class.version" value="52.0"/>
  </properties>
  <testcase name="Validating the heading of Registration form" classname="Heading" time="0.226">
    <error type="java.lang.NullPointerException"><![CDATA[java.lang.NullPointerException
	at org.openqa.selenium.support.pagefactory.DefaultElementLocator.findElement(DefaultElementLocator.java:69)
	at org.openqa.selenium.support.pagefactory.internal.LocatingElementHandler.invoke(LocatingElementHandler.java:38)
	at com.sun.proxy.$Proxy19.click(Unknown Source)
	at com.lms.pages.RegistrationPage.registration_click(RegistrationPage.java:45)
	at stepdefinitions.RegistrationHeadingSteps.user_lands_on_registration_page(RegistrationHeadingSteps.java:25)
	at ✽.User lands on Registration page(file:///D:/JavaSeleniumExamples/LMSNinjaHuntersBDD/src/test/resources/features/Feature0registerfeatures/Step1_RegistrationHeading.feature:6)
]]></error>
    <system-out><![CDATA[
@registrationHeading
Scenario: Validating the heading of Registration form                        # src/test/resources/features/Feature0registerfeatures/Step1_RegistrationHeading.feature:4
User is onhttps://lms-frontend-phase2.herokuapp.com/login
  Given User is on LMS website                                               # stepdefinitions.RegistrationHeadingSteps.user_is_on_lms_website()
user is on registation pagehttps://lms-frontend-phase2.herokuapp.com/registration
  When User lands on Registration page                                       # stepdefinitions.RegistrationHeadingSteps.user_lands_on_registration_page()
      java.lang.NullPointerException
	at org.openqa.selenium.support.pagefactory.DefaultElementLocator.findElement(DefaultElementLocator.java:69)
	at org.openqa.selenium.support.pagefactory.internal.LocatingElementHandler.invoke(LocatingElementHandler.java:38)
	at com.sun.proxy.$Proxy19.click(Unknown Source)
	at com.lms.pages.RegistrationPage.registration_click(RegistrationPage.java:45)
	at stepdefinitions.RegistrationHeadingSteps.user_lands_on_registration_page(RegistrationHeadingSteps.java:25)
	at âœ½.User lands on Registration page(file:///D:/JavaSeleniumExamples/LMSNinjaHuntersBDD/src/test/resources/features/Feature0registerfeatures/Step1_RegistrationHeading.feature:6)

  Then User sees the registration heading on the form as 'Registration Form' # stepdefinitions.RegistrationHeadingSteps.user_sees_the_registration_heading_on_the_form_as(java.lang.String)
      java.lang.NullPointerException
	at stepdefinitions.Hooks.takeScreenshot(Hooks.java:20)

]]></system-out>
  </testcase>
  <testcase name="Validating the heading of Registration form" classname="Heading" time="0.227">
    <error type="java.lang.NullPointerException"><![CDATA[java.lang.NullPointerException
	at stepdefinitions.Hooks.takeScreenshot(Hooks.java:20)
]]></error>
  </testcase>
  <testcase name="Validating the Login button visibility" classname="Login Button" time="0.019">
    <error type="java.lang.NullPointerException"><![CDATA[java.lang.NullPointerException
	at org.openqa.selenium.support.pagefactory.DefaultElementLocator.findElement(DefaultElementLocator.java:69)
	at org.openqa.selenium.support.pagefactory.internal.LocatingElementHandler.invoke(LocatingElementHandler.java:38)
	at com.sun.proxy.$Proxy19.click(Unknown Source)
	at com.lms.pages.RegistrationPage.registration_click(RegistrationPage.java:45)
	at stepdefinitions.RegistrationHeadingSteps.user_lands_on_registration_page(RegistrationHeadingSteps.java:25)
	at ✽.User lands on Registration page(file:///D:/JavaSeleniumExamples/LMSNinjaHuntersBDD/src/test/resources/features/Feature0registerfeatures/Step2_RegistrationLogin.feature:6)
]]></error>
    <system-out><![CDATA[
@registrationLogin
Scenario: Validating the Login button visibility         # src/test/resources/features/Feature0registerfeatures/Step2_RegistrationLogin.feature:4
User is onhttps://lms-frontend-phase2.herokuapp.com/login
  Given User is on LMS website                           # stepdefinitions.RegistrationHeadingSteps.user_is_on_lms_website()
user is on registation pagehttps://lms-frontend-phase2.herokuapp.com/registration
  When User lands on Registration page                   # stepdefinitions.RegistrationHeadingSteps.user_lands_on_registration_page()
      java.lang.NullPointerException
	at org.openqa.selenium.support.pagefactory.DefaultElementLocator.findElement(DefaultElementLocator.java:69)
	at org.openqa.selenium.support.pagefactory.internal.LocatingElementHandler.invoke(LocatingElementHandler.java:38)
	at com.sun.proxy.$Proxy19.click(Unknown Source)
	at com.lms.pages.RegistrationPage.registration_click(RegistrationPage.java:45)
	at stepdefinitions.RegistrationHeadingSteps.user_lands_on_registration_page(RegistrationHeadingSteps.java:25)
	at âœ½.User lands on Registration page(file:///D:/JavaSeleniumExamples/LMSNinjaHuntersBDD/src/test/resources/features/Feature0registerfeatures/Step2_RegistrationLogin.feature:6)

  Then User sees a button with text 'Log in' on the form # stepdefinitions.RegistrationLoginSteps.user_sees_a_button_with_text_on_the_form(java.lang.String)
      java.lang.NullPointerException
	at stepdefinitions.Hooks.takeScreenshot(Hooks.java:20)

]]></system-out>
  </testcase>
  <testcase name="Validating the Login button visibility" classname="Login Button" time="0.019">
    <error type="java.lang.NullPointerException"><![CDATA[java.lang.NullPointerException
	at stepdefinitions.Hooks.takeScreenshot(Hooks.java:20)
]]></error>
  </testcase>
  <testcase name="Validating the Login button functionality" classname="Login Button" time="0.02">
    <error type="java.lang.NullPointerException"><![CDATA[java.lang.NullPointerException
	at org.openqa.selenium.support.pagefactory.DefaultElementLocator.findElement(DefaultElementLocator.java:69)
	at org.openqa.selenium.support.pagefactory.internal.LocatingElementHandler.invoke(LocatingElementHandler.java:38)
	at com.sun.proxy.$Proxy19.click(Unknown Source)
	at com.lms.pages.RegistrationPage.click_login(RegistrationPage.java:41)
	at stepdefinitions.RegistrationLoginSteps.user_selects_the_log_in_button(RegistrationLoginSteps.java:26)
	at ✽.User selects the Log in Button(file:///D:/JavaSeleniumExamples/LMSNinjaHuntersBDD/src/test/resources/features/Feature0registerfeatures/Step2_RegistrationLogin.feature:11)
]]></error>
    <system-out><![CDATA[
@registrationLogin
Scenario: Validating the Login button functionality # src/test/resources/features/Feature0registerfeatures/Step2_RegistrationLogin.feature:9
User is on registation page
  Given User is on Registration page                # stepdefinitions.RegistrationLoginSteps.user_is_on_registration_page()
  When User selects the Log in Button               # stepdefinitions.RegistrationLoginSteps.user_selects_the_log_in_button()
      java.lang.NullPointerException
	at org.openqa.selenium.support.pagefactory.DefaultElementLocator.findElement(DefaultElementLocator.java:69)
	at org.openqa.selenium.support.pagefactory.internal.LocatingElementHandler.invoke(LocatingElementHandler.java:38)
	at com.sun.proxy.$Proxy19.click(Unknown Source)
	at com.lms.pages.RegistrationPage.click_login(RegistrationPage.java:41)
	at stepdefinitions.RegistrationLoginSteps.user_selects_the_log_in_button(RegistrationLoginSteps.java:26)
	at âœ½.User selects the Log in Button(file:///D:/JavaSeleniumExamples/LMSNinjaHuntersBDD/src/test/resources/features/Feature0registerfeatures/Step2_RegistrationLogin.feature:11)

  Then User lands on Log in page                    # stepdefinitions.RegistrationLoginSteps.user_lands_on_log_in_page()
      java.lang.NullPointerException
	at stepdefinitions.Hooks.takeScreenshot(Hooks.java:20)

]]></system-out>
  </testcase>
  <testcase name="Validating the Login button functionality" classname="Login Button" time="0.02">
    <error type="java.lang.NullPointerException"><![CDATA[java.lang.NullPointerException
	at stepdefinitions.Hooks.takeScreenshot(Hooks.java:20)
]]></error>
  </testcase>
  <testcase name="Validating the Sign Up button visibility" classname="Sing Up Button" time="0.019">
    <error type="java.lang.NullPointerException"><![CDATA[java.lang.NullPointerException
	at org.openqa.selenium.support.pagefactory.DefaultElementLocator.findElement(DefaultElementLocator.java:69)
	at org.openqa.selenium.support.pagefactory.internal.LocatingElementHandler.invoke(LocatingElementHandler.java:38)
	at com.sun.proxy.$Proxy19.click(Unknown Source)
	at com.lms.pages.RegistrationPage.registration_click(RegistrationPage.java:45)
	at stepdefinitions.RegistrationHeadingSteps.user_lands_on_registration_page(RegistrationHeadingSteps.java:25)
	at ✽.User lands on Registration page(file:///D:/JavaSeleniumExamples/LMSNinjaHuntersBDD/src/test/resources/features/Feature0registerfeatures/Step3_RegistrationSignUp.feature:6)
]]></error>
    <system-out><![CDATA[
@registrationSignup
Scenario: Validating the Sign Up button visibility        # src/test/resources/features/Feature0registerfeatures/Step3_RegistrationSignUp.feature:4
User is onhttps://lms-frontend-phase2.herokuapp.com/login
  Given User is on LMS website                            # stepdefinitions.RegistrationHeadingSteps.user_is_on_lms_website()
user is on registation pagehttps://lms-frontend-phase2.herokuapp.com/registration
  When User lands on Registration page                    # stepdefinitions.RegistrationHeadingSteps.user_lands_on_registration_page()
      java.lang.NullPointerException
	at org.openqa.selenium.support.pagefactory.DefaultElementLocator.findElement(DefaultElementLocator.java:69)
	at org.openqa.selenium.support.pagefactory.internal.LocatingElementHandler.invoke(LocatingElementHandler.java:38)
	at com.sun.proxy.$Proxy19.click(Unknown Source)
	at com.lms.pages.RegistrationPage.registration_click(RegistrationPage.java:45)
	at stepdefinitions.RegistrationHeadingSteps.user_lands_on_registration_page(RegistrationHeadingSteps.java:25)
	at âœ½.User lands on Registration page(file:///D:/JavaSeleniumExamples/LMSNinjaHuntersBDD/src/test/resources/features/Feature0registerfeatures/Step3_RegistrationSignUp.feature:6)

  Then User sees a button with text 'Sign Up' on the form # stepdefinitions.RegistrationLoginSteps.user_sees_a_button_with_text_on_the_form(java.lang.String)
      java.lang.NullPointerException
	at stepdefinitions.Hooks.takeScreenshot(Hooks.java:20)

]]></system-out>
  </testcase>
  <testcase name="Validating the Sign Up button visibility" classname="Sing Up Button" time="0.019">
    <error type="java.lang.NullPointerException"><![CDATA[java.lang.NullPointerException
	at stepdefinitions.Hooks.takeScreenshot(Hooks.java:20)
]]></error>
  </testcase>
  <testcase name="User fills the First Name field" classname="Validating text fields on the registration page" time="0.05">
    <error message="The step &apos;User fills the &apos;First Name&apos; in Alphabets only&apos; and 1 other step(s) are undefined.&#10;You can implement these steps using the snippet(s) below:&#10;&#10;@When(&quot;User fills the {string} in Alphabets only&quot;)&#10;public void user_fills_the_in_alphabets_only(String string, io.cucumber.datatable.DataTable dataTable) {&#10;    // Write code here that turns the phrase above into concrete actions&#10;    // For automatic transformation, change DataTable to one of&#10;    // E, List&lt;E&gt;, List&lt;List&lt;E&gt;&gt;, List&lt;Map&lt;K,V&gt;&gt;, Map&lt;K,V&gt; or&#10;    // Map&lt;K, List&lt;V&gt;&gt;. E,K,V must be a String, Integer, Float,&#10;    // Double, Byte, Short, Long, BigInteger or BigDecimal.&#10;    //&#10;    // For other transformations you can register a DataTableType.&#10;    throw new io.cucumber.java.PendingException();&#10;}&#10;@Then(&quot;{string} will be displayed&quot;)&#10;public void will_be_displayed(String string) {&#10;    // Write code here that turns the phrase above into concrete actions&#10;    throw new io.cucumber.java.PendingException();&#10;}&#10;" type="io.cucumber.junit.UndefinedStepException"><![CDATA[io.cucumber.junit.UndefinedStepException: 
The step 'User fills the 'First Name' in Alphabets only' and 1 other step(s) are undefined.
You can implement these steps using the snippet(s) below:

@When("User fills the {string} in Alphabets only")
public void user_fills_the_in_alphabets_only(String string, io.cucumber.datatable.DataTable dataTable) {
    // Write code here that turns the phrase above into concrete actions
    // For automatic transformation, change DataTable to one of
    // E, List<E>, List<List<E>>, List<Map<K,V>>, Map<K,V> or
    // Map<K, List<V>>. E,K,V must be a String, Integer, Float,
    // Double, Byte, Short, Long, BigInteger or BigDecimal.
    //
    // For other transformations you can register a DataTableType.
    throw new io.cucumber.java.PendingException();
}
@Then("{string} will be displayed")
public void will_be_displayed(String string) {
    // Write code here that turns the phrase above into concrete actions
    throw new io.cucumber.java.PendingException();
}

]]></error>
    <system-out><![CDATA[
@registration
Scenario: User fills the First Name field            # src/test/resources/features/Feature0registerfeatures/Step4_Registration.feature:7
User is on registation page
  Given User is on Registration page                 # stepdefinitions.RegistrationLoginSteps.user_is_on_registration_page()
  When User fills the 'First Name' in Alphabets only # null
  Then 'First Name' will be displayed                # null
]]></system-out>
  </testcase>
  <testcase name="User fills the Last Name field" classname="Validating text fields on the registration page" time="0.012">
    <error message="The step &apos;User fills the &apos;Last Name&apos; in Alphabets only&apos; and 1 other step(s) are undefined.&#10;You can implement these steps using the snippet(s) below:&#10;&#10;@When(&quot;User fills the {string} in Alphabets only&quot;)&#10;public void user_fills_the_in_alphabets_only(String string, io.cucumber.datatable.DataTable dataTable) {&#10;    // Write code here that turns the phrase above into concrete actions&#10;    // For automatic transformation, change DataTable to one of&#10;    // E, List&lt;E&gt;, List&lt;List&lt;E&gt;&gt;, List&lt;Map&lt;K,V&gt;&gt;, Map&lt;K,V&gt; or&#10;    // Map&lt;K, List&lt;V&gt;&gt;. E,K,V must be a String, Integer, Float,&#10;    // Double, Byte, Short, Long, BigInteger or BigDecimal.&#10;    //&#10;    // For other transformations you can register a DataTableType.&#10;    throw new io.cucumber.java.PendingException();&#10;}&#10;@Then(&quot;{string} will be displayed&quot;)&#10;public void will_be_displayed(String string) {&#10;    // Write code here that turns the phrase above into concrete actions&#10;    throw new io.cucumber.java.PendingException();&#10;}&#10;" type="io.cucumber.junit.UndefinedStepException"><![CDATA[io.cucumber.junit.UndefinedStepException: 
The step 'User fills the 'Last Name' in Alphabets only' and 1 other step(s) are undefined.
You can implement these steps using the snippet(s) below:

@When("User fills the {string} in Alphabets only")
public void user_fills_the_in_alphabets_only(String string, io.cucumber.datatable.DataTable dataTable) {
    // Write code here that turns the phrase above into concrete actions
    // For automatic transformation, change DataTable to one of
    // E, List<E>, List<List<E>>, List<Map<K,V>>, Map<K,V> or
    // Map<K, List<V>>. E,K,V must be a String, Integer, Float,
    // Double, Byte, Short, Long, BigInteger or BigDecimal.
    //
    // For other transformations you can register a DataTableType.
    throw new io.cucumber.java.PendingException();
}
@Then("{string} will be displayed")
public void will_be_displayed(String string) {
    // Write code here that turns the phrase above into concrete actions
    throw new io.cucumber.java.PendingException();
}

]]></error>
    <system-out><![CDATA[
@registration
Scenario: User fills the Last Name field            # src/test/resources/features/Feature0registerfeatures/Step4_Registration.feature:12
User is on registation page
  Given User is on Registration page                # stepdefinitions.RegistrationLoginSteps.user_is_on_registration_page()
  When User fills the 'Last Name' in Alphabets only # null
  Then 'Last Name' will be displayed                # null
]]></system-out>
  </testcase>
  <testcase name="User fills the Address field" classname="Validating text fields on the registration page" time="0.015">
    <error message="The step &apos;&apos;Address&apos; will be displayed&apos; is undefined.&#10;You can implement this step using the snippet(s) below:&#10;&#10;@Then(&quot;{string} will be displayed&quot;)&#10;public void will_be_displayed(String string) {&#10;    // Write code here that turns the phrase above into concrete actions&#10;    throw new io.cucumber.java.PendingException();&#10;}&#10;" type="io.cucumber.junit.UndefinedStepException"><![CDATA[io.cucumber.junit.UndefinedStepException: 
The step ''Address' will be displayed' is undefined.
You can implement this step using the snippet(s) below:

@Then("{string} will be displayed")
public void will_be_displayed(String string) {
    // Write code here that turns the phrase above into concrete actions
    throw new io.cucumber.java.PendingException();
}

]]></error>
    <system-out><![CDATA[
@registration
Scenario: User fills the Address field                                    # src/test/resources/features/Feature0registerfeatures/Step4_Registration.feature:17
User is on registation page
  Given User is on Registration page                                      # stepdefinitions.RegistrationLoginSteps.user_is_on_registration_page()
Address
5Talbot Street
  When User fills the 'Address Field' using Alpha Numerics and or Symbols # stepdefinitions.RegistrationSteps.user_fills_the_using_alpha_numerics_and_or_symbols(java.lang.String,io.cucumber.datatable.DataTable)
  Then 'Address' will be displayed                                        # null
]]></system-out>
  </testcase>
  <testcase name="User fills the Street Name field" classname="Validating text fields on the registration page" time="0.011">
    <error message="The step &apos;&apos;Street Name&apos; will be displayed&apos; is undefined.&#10;You can implement this step using the snippet(s) below:&#10;&#10;@Then(&quot;{string} will be displayed&quot;)&#10;public void will_be_displayed(String string) {&#10;    // Write code here that turns the phrase above into concrete actions&#10;    throw new io.cucumber.java.PendingException();&#10;}&#10;" type="io.cucumber.junit.UndefinedStepException"><![CDATA[io.cucumber.junit.UndefinedStepException: 
The step ''Street Name' will be displayed' is undefined.
You can implement this step using the snippet(s) below:

@Then("{string} will be displayed")
public void will_be_displayed(String string) {
    // Write code here that turns the phrase above into concrete actions
    throw new io.cucumber.java.PendingException();
}

]]></error>
    <system-out><![CDATA[
@registration
Scenario: User fills the Street Name field                                    # src/test/resources/features/Feature0registerfeatures/Step4_Registration.feature:22
User is on registation page
  Given User is on Registration page                                          # stepdefinitions.RegistrationLoginSteps.user_is_on_registration_page()
StreetName
5Talbot Street
  When User fills the 'Street Name' Field using Alpha Numerics and or Symbols # stepdefinitions.RegistrationSteps.user_fills_the_field_using_alpha_numerics_and_or_symbols(java.lang.String,io.cucumber.datatable.DataTable)
  Then 'Street Name' will be displayed                                        # null
]]></system-out>
  </testcase>
  <testcase name="User fills the City Name field" classname="Validating text fields on the registration page" time="0.012">
    <error message="The step &apos;User fills the &apos;City Name&apos; in Alphabets only&apos; and 1 other step(s) are undefined.&#10;You can implement these steps using the snippet(s) below:&#10;&#10;@When(&quot;User fills the {string} in Alphabets only&quot;)&#10;public void user_fills_the_in_alphabets_only(String string, io.cucumber.datatable.DataTable dataTable) {&#10;    // Write code here that turns the phrase above into concrete actions&#10;    // For automatic transformation, change DataTable to one of&#10;    // E, List&lt;E&gt;, List&lt;List&lt;E&gt;&gt;, List&lt;Map&lt;K,V&gt;&gt;, Map&lt;K,V&gt; or&#10;    // Map&lt;K, List&lt;V&gt;&gt;. E,K,V must be a String, Integer, Float,&#10;    // Double, Byte, Short, Long, BigInteger or BigDecimal.&#10;    //&#10;    // For other transformations you can register a DataTableType.&#10;    throw new io.cucumber.java.PendingException();&#10;}&#10;@Then(&quot;{string} will be displayed&quot;)&#10;public void will_be_displayed(String string) {&#10;    // Write code here that turns the phrase above into concrete actions&#10;    throw new io.cucumber.java.PendingException();&#10;}&#10;" type="io.cucumber.junit.UndefinedStepException"><![CDATA[io.cucumber.junit.UndefinedStepException: 
The step 'User fills the 'City Name' in Alphabets only' and 1 other step(s) are undefined.
You can implement these steps using the snippet(s) below:

@When("User fills the {string} in Alphabets only")
public void user_fills_the_in_alphabets_only(String string, io.cucumber.datatable.DataTable dataTable) {
    // Write code here that turns the phrase above into concrete actions
    // For automatic transformation, change DataTable to one of
    // E, List<E>, List<List<E>>, List<Map<K,V>>, Map<K,V> or
    // Map<K, List<V>>. E,K,V must be a String, Integer, Float,
    // Double, Byte, Short, Long, BigInteger or BigDecimal.
    //
    // For other transformations you can register a DataTableType.
    throw new io.cucumber.java.PendingException();
}
@Then("{string} will be displayed")
public void will_be_displayed(String string) {
    // Write code here that turns the phrase above into concrete actions
    throw new io.cucumber.java.PendingException();
}

]]></error>
    <system-out><![CDATA[
@registration
Scenario: User fills the City Name field            # src/test/resources/features/Feature0registerfeatures/Step4_Registration.feature:27
User is on registation page
  Given User is on Registration page                # stepdefinitions.RegistrationLoginSteps.user_is_on_registration_page()
  When User fills the 'City Name' in Alphabets only # null
  Then 'City Name' will be displayed                # null
]]></system-out>
  </testcase>
  <testcase name="User selects the State field" classname="Validating text fields on the registration page" time="0.009">
    <error message="The step &apos;&apos;State Name&apos; will be displayed&apos; is undefined.&#10;You can implement this step using the snippet(s) below:&#10;&#10;@Then(&quot;{string} will be displayed&quot;)&#10;public void will_be_displayed(String string) {&#10;    // Write code here that turns the phrase above into concrete actions&#10;    throw new io.cucumber.java.PendingException();&#10;}&#10;" type="io.cucumber.junit.UndefinedStepException"><![CDATA[io.cucumber.junit.UndefinedStepException: 
The step ''State Name' will be displayed' is undefined.
You can implement this step using the snippet(s) below:

@Then("{string} will be displayed")
public void will_be_displayed(String string) {
    // Write code here that turns the phrase above into concrete actions
    throw new io.cucumber.java.PendingException();
}

]]></error>
    <system-out><![CDATA[
@registration
Scenario: User selects the State field                         # src/test/resources/features/Feature0registerfeatures/Step4_Registration.feature:32
User is on registation page
  Given User is on Registration page                           # stepdefinitions.RegistrationLoginSteps.user_is_on_registration_page()
State
Connecticut
  When User selects the respective State Name from the DropBox # stepdefinitions.RegistrationSteps.user_selects_the_respective_state_name_from_the_drop_box(io.cucumber.datatable.DataTable)
  Then 'State Name' will be displayed                          # null
]]></system-out>
  </testcase>
  <testcase name="User fills the Zip field" classname="Validating text fields on the registration page" time="0.013">
    <error message="The step &apos;&apos;Zip Code&apos; will be displayed&apos; is undefined.&#10;You can implement this step using the snippet(s) below:&#10;&#10;@Then(&quot;{string} will be displayed&quot;)&#10;public void will_be_displayed(String string) {&#10;    // Write code here that turns the phrase above into concrete actions&#10;    throw new io.cucumber.java.PendingException();&#10;}&#10;" type="io.cucumber.junit.UndefinedStepException"><![CDATA[io.cucumber.junit.UndefinedStepException: 
The step ''Zip Code' will be displayed' is undefined.
You can implement this step using the snippet(s) below:

@Then("{string} will be displayed")
public void will_be_displayed(String string) {
    // Write code here that turns the phrase above into concrete actions
    throw new io.cucumber.java.PendingException();
}

]]></error>
    <system-out><![CDATA[
@registration
Scenario: User fills the Zip field                        # src/test/resources/features/Feature0registerfeatures/Step4_Registration.feature:37
User is on registation page
  Given User is on Registration page                      # stepdefinitions.RegistrationLoginSteps.user_is_on_registration_page()
zip
90505
  When User fills the 5 digit zip code using Numbers only # stepdefinitions.RegistrationSteps.user_fills_the_digit_zip_code_using_numbers_only(java.lang.Integer,io.cucumber.datatable.DataTable)
  Then 'Zip Code' will be displayed                       # null
]]></system-out>
  </testcase>
  <testcase name="User selects the Birth Date" classname="Validating text fields on the registration page" time="0.009">
    <error message="The step &apos;&apos;Birth Date&apos; will be displayed&apos; is undefined.&#10;You can implement this step using the snippet(s) below:&#10;&#10;@Then(&quot;{string} will be displayed&quot;)&#10;public void will_be_displayed(String string) {&#10;    // Write code here that turns the phrase above into concrete actions&#10;    throw new io.cucumber.java.PendingException();&#10;}&#10;" type="io.cucumber.junit.UndefinedStepException"><![CDATA[io.cucumber.junit.UndefinedStepException: 
The step ''Birth Date' will be displayed' is undefined.
You can implement this step using the snippet(s) below:

@Then("{string} will be displayed")
public void will_be_displayed(String string) {
    // Write code here that turns the phrase above into concrete actions
    throw new io.cucumber.java.PendingException();
}

]]></error>
    <system-out><![CDATA[
@registration
Scenario: User selects the Birth Date               # src/test/resources/features/Feature0registerfeatures/Step4_Registration.feature:42
User is on registation page
  Given User is on Registration page                # stepdefinitions.RegistrationLoginSteps.user_is_on_registration_page()
BirthDate
04/20/1990
  When User selects Date of Birth from the calender # stepdefinitions.RegistrationSteps.user_selects_date_of_birth_from_the_calender(io.cucumber.datatable.DataTable)
  Then 'Birth Date' will be displayed               # null
]]></system-out>
  </testcase>
  <testcase name="User fills the UserName" classname="Validating text fields on the registration page" time="0.01">
    <error message="The step &apos;&apos;UserName&apos; will be displayed&apos; is undefined.&#10;You can implement this step using the snippet(s) below:&#10;&#10;@Then(&quot;{string} will be displayed&quot;)&#10;public void will_be_displayed(String string) {&#10;    // Write code here that turns the phrase above into concrete actions&#10;    throw new io.cucumber.java.PendingException();&#10;}&#10;" type="io.cucumber.junit.UndefinedStepException"><![CDATA[io.cucumber.junit.UndefinedStepException: 
The step ''UserName' will be displayed' is undefined.
You can implement this step using the snippet(s) below:

@Then("{string} will be displayed")
public void will_be_displayed(String string) {
    // Write code here that turns the phrase above into concrete actions
    throw new io.cucumber.java.PendingException();
}

]]></error>
    <system-out><![CDATA[
@registration
Scenario: User fills the UserName           # src/test/resources/features/Feature0registerfeatures/Step4_Registration.feature:47
User is on registation page
  Given User is on Registration page        # stepdefinitions.RegistrationLoginSteps.user_is_on_registration_page()
uniqueName
someName@123
  When User fills the valid unique UserName # stepdefinitions.RegistrationSteps.user_fills_the_valid_unique_user_name(io.cucumber.datatable.DataTable)
  Then 'UserName' will be displayed         # null
]]></system-out>
  </testcase>
  <testcase name="User fills the Phone Number" classname="Validating text fields on the registration page" time="0.016">
    <error message="The step &apos;&apos;Mobile Number&apos; will be displayed&apos; is undefined.&#10;You can implement this step using the snippet(s) below:&#10;&#10;@Then(&quot;{string} will be displayed&quot;)&#10;public void will_be_displayed(String string) {&#10;    // Write code here that turns the phrase above into concrete actions&#10;    throw new io.cucumber.java.PendingException();&#10;}&#10;" type="io.cucumber.junit.UndefinedStepException"><![CDATA[io.cucumber.junit.UndefinedStepException: 
The step ''Mobile Number' will be displayed' is undefined.
You can implement this step using the snippet(s) below:

@Then("{string} will be displayed")
public void will_be_displayed(String string) {
    // Write code here that turns the phrase above into concrete actions
    throw new io.cucumber.java.PendingException();
}

]]></error>
    <system-out><![CDATA[
@registration
Scenario: User fills the Phone Number                          # src/test/resources/features/Feature0registerfeatures/Step4_Registration.feature:52
User is on registation page
  Given User is on Registration page                           # stepdefinitions.RegistrationLoginSteps.user_is_on_registration_page()
PhoneNum
8739127492
  When User fills the valid 10 digit Mobile Number in Numerics # stepdefinitions.RegistrationSteps.user_fills_the_valid_digit_mobile_number_in_numerics(java.lang.Integer,io.cucumber.datatable.DataTable)
  Then 'Mobile Number' will be displayed                       # null
]]></system-out>
  </testcase>
  <testcase name="User fills the Email" classname="Validating text fields on the registration page" time="0.011">
    <error message="The step &apos;&apos;Email&apos; will be displayed&apos; is undefined.&#10;You can implement this step using the snippet(s) below:&#10;&#10;@Then(&quot;{string} will be displayed&quot;)&#10;public void will_be_displayed(String string) {&#10;    // Write code here that turns the phrase above into concrete actions&#10;    throw new io.cucumber.java.PendingException();&#10;}&#10;" type="io.cucumber.junit.UndefinedStepException"><![CDATA[io.cucumber.junit.UndefinedStepException: 
The step ''Email' will be displayed' is undefined.
You can implement this step using the snippet(s) below:

@Then("{string} will be displayed")
public void will_be_displayed(String string) {
    // Write code here that turns the phrase above into concrete actions
    throw new io.cucumber.java.PendingException();
}

]]></error>
    <system-out><![CDATA[
@registration
Scenario: User fills the Email       # src/test/resources/features/Feature0registerfeatures/Step4_Registration.feature:57
User is on registation page
  Given User is on Registration page # stepdefinitions.RegistrationLoginSteps.user_is_on_registration_page()
Email
John@gmail.com
  When User fills the valid Email    # stepdefinitions.RegistrationSteps.user_fills_the_valid_email(io.cucumber.datatable.DataTable)
  Then 'Email' will be displayed     # null
]]></system-out>
  </testcase>
  <testcase name="User fills the Password" classname="Validating text fields on the registration page" time="0.015">
    <error message="The step &apos;&apos;UserPassword&apos; will be displayed&apos; is undefined.&#10;You can implement this step using the snippet(s) below:&#10;&#10;@Then(&quot;{string} will be displayed&quot;)&#10;public void will_be_displayed(String string) {&#10;    // Write code here that turns the phrase above into concrete actions&#10;    throw new io.cucumber.java.PendingException();&#10;}&#10;" type="io.cucumber.junit.UndefinedStepException"><![CDATA[io.cucumber.junit.UndefinedStepException: 
The step ''UserPassword' will be displayed' is undefined.
You can implement this step using the snippet(s) below:

@Then("{string} will be displayed")
public void will_be_displayed(String string) {
    // Write code here that turns the phrase above into concrete actions
    throw new io.cucumber.java.PendingException();
}

]]></error>
    <system-out><![CDATA[
@registration
Scenario: User fills the Password                                                                          # src/test/resources/features/Feature0registerfeatures/Step4_Registration.feature:62
User is on registation page
  Given User is on Registration page                                                                       # stepdefinitions.RegistrationLoginSteps.user_is_on_registration_page()
Password
Testing@1
  When User fills the valid password with 1 upper case, 1 Numeric and 1 special character and 8 characters # stepdefinitions.RegistrationSteps.user_fills_the_valid_password_with_upper_case_numeric_and_special_character_and_characters(java.lang.Integer,java.lang.Integer,java.lang.Integer,java.lang.Integer,io.cucumber.datatable.DataTable)
  Then 'UserPassword' will be displayed                                                                    # null
]]></system-out>
  </testcase>
  <testcase name="Validating the sign Up form with all fields empty" classname="Validating text fields on the registration page" time="0.008">
    <system-out><![CDATA[
@registration
Scenario: Validating the sign Up form with all fields empty     # src/test/resources/features/Feature0registerfeatures/Step4_Registration.feature:67
User is on registation page
  Given User is on Registration page                            # stepdefinitions.RegistrationLoginSteps.user_is_on_registration_page()
  When User enters submit button with all fields empty          # stepdefinitions.RegistrationSteps.user_enters_submit_button_with_all_fields_empty()
  Then User should get a message 'Please fill all fields above' # stepdefinitions.RegistrationSteps.user_should_get_a_message(java.lang.String)
]]></system-out>
  </testcase>
  <testcase name="Validating the First Name field on Registration Page" classname="Validating text fields on the registration page" time="0.011">
    <system-out><![CDATA[
@registration
Scenario: Validating the First Name field on Registration Page  # src/test/resources/features/Feature0registerfeatures/Step4_Registration.feature:71
User is on registation page
  Given User is on Registration page                            # stepdefinitions.RegistrationLoginSteps.user_is_on_registration_page()
  When User click Sign Up button with invalid 'First Name'      # stepdefinitions.RegistrationSteps.user_click_sign_up_button_with_invalid(java.lang.String)
  Then User should get a message 'Please fill valid First Name' # stepdefinitions.RegistrationSteps.user_should_get_a_message(java.lang.String)
]]></system-out>
  </testcase>
  <testcase name="Validating the Last Name field on Registration Page" classname="Validating text fields on the registration page" time="0.011">
    <system-out><![CDATA[
@registration
Scenario: Validating the Last Name field on Registration Page  # src/test/resources/features/Feature0registerfeatures/Step4_Registration.feature:75
User is on registation page
  Given User is on Registration page                           # stepdefinitions.RegistrationLoginSteps.user_is_on_registration_page()
  When User click Sign Up button with invalid 'Last Name'      # stepdefinitions.RegistrationSteps.user_click_sign_up_button_with_invalid(java.lang.String)
  Then User should get a message 'Please fill valid Last Name' # stepdefinitions.RegistrationSteps.user_should_get_a_message(java.lang.String)
]]></system-out>
  </testcase>
  <testcase name="Validating the Address field on Registration Page" classname="Validating text fields on the registration page" time="0.008">
    <system-out><![CDATA[
@registration
Scenario: Validating the Address field on Registration Page  # src/test/resources/features/Feature0registerfeatures/Step4_Registration.feature:79
User is on registation page
  Given User is on Registration page                         # stepdefinitions.RegistrationLoginSteps.user_is_on_registration_page()
  When User click Sign Up button with invalid 'Address'      # stepdefinitions.RegistrationSteps.user_click_sign_up_button_with_invalid(java.lang.String)
  Then User should get a message 'Please fill valid Address' # stepdefinitions.RegistrationSteps.user_should_get_a_message(java.lang.String)
]]></system-out>
  </testcase>
  <testcase name="Validating the Zip field on Registration Page" classname="Validating text fields on the registration page" time="0.012">
    <system-out><![CDATA[
@registration
Scenario: Validating the Zip field on Registration Page  # src/test/resources/features/Feature0registerfeatures/Step4_Registration.feature:83
User is on registation page
  Given User is on Registration page                     # stepdefinitions.RegistrationLoginSteps.user_is_on_registration_page()
  When User click Sign Up button with invalid 'Zip'      # stepdefinitions.RegistrationSteps.user_click_sign_up_button_with_invalid(java.lang.String)
  Then User should get a message 'Please fill valid Zip' # stepdefinitions.RegistrationSteps.user_should_get_a_message(java.lang.String)
]]></system-out>
  </testcase>
  <testcase name="Validating the City field on Registration Page" classname="Validating text fields on the registration page" time="0.012">
    <system-out><![CDATA[
@registration
Scenario: Validating the City field on Registration Page  # src/test/resources/features/Feature0registerfeatures/Step4_Registration.feature:87
User is on registation page
  Given User is on Registration page                      # stepdefinitions.RegistrationLoginSteps.user_is_on_registration_page()
  When User click Sign Up button with invalid 'City'      # stepdefinitions.RegistrationSteps.user_click_sign_up_button_with_invalid(java.lang.String)
  Then User should get a message 'Please fill valid City' # stepdefinitions.RegistrationSteps.user_should_get_a_message(java.lang.String)
]]></system-out>
  </testcase>
  <testcase name="Validating the State field on Registration Page" classname="Validating text fields on the registration page" time="0.013">
    <system-out><![CDATA[
@registration
Scenario: Validating the State field on Registration Page  # src/test/resources/features/Feature0registerfeatures/Step4_Registration.feature:91
User is on registation page
  Given User is on Registration page                       # stepdefinitions.RegistrationLoginSteps.user_is_on_registration_page()
  When User click Sign Up button with invalid 'State'      # stepdefinitions.RegistrationSteps.user_click_sign_up_button_with_invalid(java.lang.String)
  Then User should get a message 'Please fill valid State' # stepdefinitions.RegistrationSteps.user_should_get_a_message(java.lang.String)
]]></system-out>
  </testcase>
  <testcase name="Validating the Phone Number field on Registration Page" classname="Validating text fields on the registration page" time="0.013">
    <system-out><![CDATA[
@registration
Scenario: Validating the Phone Number field on Registration Page  # src/test/resources/features/Feature0registerfeatures/Step4_Registration.feature:95
User is on registation page
  Given User is on Registration page                              # stepdefinitions.RegistrationLoginSteps.user_is_on_registration_page()
  When User click Sign Up button with invalid 'Phone Number'      # stepdefinitions.RegistrationSteps.user_click_sign_up_button_with_invalid(java.lang.String)
  Then User should get a message 'Please fill valid Phone Number' # stepdefinitions.RegistrationSteps.user_should_get_a_message(java.lang.String)
]]></system-out>
  </testcase>
  <testcase name="Validating the BirthDate field on Registration Page" classname="Validating text fields on the registration page" time="0.008">
    <system-out><![CDATA[
@registration
Scenario: Validating the BirthDate field on Registration Page # src/test/resources/features/Feature0registerfeatures/Step4_Registration.feature:99
User is on registation page
  Given User is on Registration page                          # stepdefinitions.RegistrationLoginSteps.user_is_on_registration_page()
  When User click Sign Up button without selecting BirthDate  # stepdefinitions.RegistrationSteps.user_click_sign_up_button_without_selecting_birth_date()
  Then User should get a message 'Please select BirthDate'    # stepdefinitions.RegistrationSteps.user_should_get_a_message(java.lang.String)
]]></system-out>
  </testcase>
  <testcase name="Validating the UserName field on Registration Page" classname="Validating text fields on the registration page" time="0.01">
    <system-out><![CDATA[
@registration
Scenario: Validating the UserName field on Registration Page  # src/test/resources/features/Feature0registerfeatures/Step4_Registration.feature:103
User is on registation page
  Given User is on Registration page                          # stepdefinitions.RegistrationLoginSteps.user_is_on_registration_page()
  When User click Sign Up button with invalid 'UserName'      # stepdefinitions.RegistrationSteps.user_click_sign_up_button_with_invalid(java.lang.String)
  Then User should get a message 'Please fill valid UserName' # stepdefinitions.RegistrationSteps.user_should_get_a_message(java.lang.String)
]]></system-out>
  </testcase>
  <testcase name="Validating the email field on Registration Page" classname="Validating text fields on the registration page" time="0.012">
    <system-out><![CDATA[
@registration
Scenario: Validating the email field on Registration Page  # src/test/resources/features/Feature0registerfeatures/Step4_Registration.feature:107
User is on registation page
  Given User is on Registration page                       # stepdefinitions.RegistrationLoginSteps.user_is_on_registration_page()
  When User click Sign Up button with invalid 'Email'      # stepdefinitions.RegistrationSteps.user_click_sign_up_button_with_invalid(java.lang.String)
  Then User should get a message 'Please fill valid Email' # stepdefinitions.RegistrationSteps.user_should_get_a_message(java.lang.String)
]]></system-out>
  </testcase>
  <testcase name="Validating the Password field on Registration Page" classname="Validating text fields on the registration page" time="0.012">
    <system-out><![CDATA[
@registration
Scenario: Validating the Password field on Registration Page  # src/test/resources/features/Feature0registerfeatures/Step4_Registration.feature:111
User is on registation page
  Given User is on Registration page                          # stepdefinitions.RegistrationLoginSteps.user_is_on_registration_page()
  When User click Sign Up button with invalid 'Password'      # stepdefinitions.RegistrationSteps.user_click_sign_up_button_with_invalid(java.lang.String)
  Then User should get a message 'Please fill valid Password' # stepdefinitions.RegistrationSteps.user_should_get_a_message(java.lang.String)
]]></system-out>
  </testcase>
  <testcase name="Validating the signup form with existing username" classname="Validating text fields on the registration page" time="0.01">
    <system-out><![CDATA[
@registration
Scenario: Validating the signup form with existing username # src/test/resources/features/Feature0registerfeatures/Step4_Registration.feature:115
User is on registation page
  Given User is on Registration page                        # stepdefinitions.RegistrationLoginSteps.user_is_on_registration_page()
  When User click Sign Up button with existing userName     # stepdefinitions.RegistrationSteps.user_click_sign_up_button_with_existing_user_name()
  Then User should get a message 'Username already exists'  # stepdefinitions.RegistrationSteps.user_should_get_a_message(java.lang.String)
]]></system-out>
  </testcase>
  <testcase name="Validating the signup form with valid data" classname="Validating text fields on the registration page" time="0.007">
    <system-out><![CDATA[
@registration
Scenario: Validating the signup form with valid data          # src/test/resources/features/Feature0registerfeatures/Step4_Registration.feature:119
User is on registation page
  Given User is on Registration page                          # stepdefinitions.RegistrationLoginSteps.user_is_on_registration_page()
  When User enters all field value and click 'Sign Up' button # stepdefinitions.RegistrationSteps.user_enters_all_field_value_and_click_button(java.lang.String)
  Then User should get a message 'Registration Successfull'   # stepdefinitions.RegistrationSteps.user_should_get_a_message(java.lang.String)
]]></system-out>
  </testcase>
  <testcase name="Validating the url" classname="Login Page" time="4.447">
    <system-out><![CDATA[
@login
Scenario: Validating the url          # src/test/resources/features/Feature1loginfeature/Login.feature:4
Browser name :chrome
https://lms-frontend-phase2.herokuapp.com/login
  Given User is on the browser        # stepdefinitions.LoginSteps.user_is_on_the_browser()
  When User opens the LMS website     # stepdefinitions.LoginSteps.user_opens_the_lms_website()
Login Urlhttps://lms-frontend-phase2.herokuapp.com/login
  Then User should see the Login Page # stepdefinitions.LoginSteps.user_should_see_the_login_page()
]]></system-out>
    <system-err><![CDATA[Starting ChromeDriver 105.0.5195.52 (412c95e518836d8a7d97250d62b29c2ae6a26a85-refs/branch-heads/5195@{#853}) on port 38770
Only local connections are allowed.
Please see https://chromedriver.chromium.org/security-considerations for suggestions on keeping ChromeDriver safe.
ChromeDriver was started successfully.
Oct 02, 2022 1:44:11 PM org.openqa.selenium.remote.ProtocolHandshake createSession
INFO: Detected dialect: W3C
]]></system-err>
  </testcase>
  <testcase name="Validating Login functionality with invalid password field" classname="Login Page" time="0.382">
    <system-out><![CDATA[
@login
Scenario: Validating Login functionality with invalid password field                    # src/test/resources/features/Feature1loginfeature/Login.feature:9
  Given User is on the Login Page                                                       # stepdefinitions.LoginSteps.user_is_on_the_login_page()
Password is test
  When User clicks the Login Button after entering invalid password 'test'              # stepdefinitions.LoginSteps.user_clicks_the_login_button_after_entering_invalid_password(java.lang.String)
Actual message is : Invalid username and password Please try again
  Then User should receive the message 'Invalid username and password Please try again' # stepdefinitions.LoginSteps.user_should_receive_the_message_invalid_username_and_password_please_try_again(java.lang.String)
]]></system-out>
  </testcase>
  <testcase name="Validating Login functionality with invalid username field" classname="Login Page" time="0.341">
    <system-out><![CDATA[
@login
Scenario: Validating Login functionality with invalid username field                    # src/test/resources/features/Feature1loginfeature/Login.feature:14
  Given User is on the Login Page                                                       # stepdefinitions.LoginSteps.user_is_on_the_login_page()
Invalid username :testing
  When User clicks the Login Button after entering invalid username 'testing'           # stepdefinitions.LoginSteps.user_clicks_the_login_button_after_entering_invalid_username(java.lang.String)
Actual message is : Invalid username and password Please try again
  Then User should receive the message 'Invalid username and password Please try again' # stepdefinitions.LoginSteps.user_should_receive_the_message_invalid_username_and_password_please_try_again(java.lang.String)
]]></system-out>
  </testcase>
  <testcase name="Validating Login functionality with valid username and password" classname="Login Page" time="0.264">
    <system-out><![CDATA[
@login
Scenario: Validating Login functionality with valid username and password # src/test/resources/features/Feature1loginfeature/Login.feature:19
  Given User is on the Login Page                                         # stepdefinitions.LoginSteps.user_is_on_the_login_page()
Valid UsernameLSM
Valid UsernameLMS
  When User clicks the Login Button after entering valid 'LSM' and 'LMS'  # stepdefinitions.LoginSteps.user_clicks_the_login_button_after_entering_valid_username_and_password(java.lang.String,java.lang.String)
  Then User should see the LMS HomePage                                   # stepdefinitions.LoginSteps.user_should_see_the_lms_home_page()
]]></system-out>
  </testcase>
  <testcase name="Verify Visibility of ProgramButton in HomePage" classname="Feature to Validate MenuBarButtons of LMS UI HomePage" time="0.041">
    <system-out><![CDATA[
@home_btn @verify_btn_program
Scenario: Verify Visibility of ProgramButton in HomePage               # src/test/resources/features/Feature2homefeatures/home_buttons.feature:11
  Given User opens browser                                             # stepdefinitions.Home_Title_Steps.user_opens_browser()
  When User landed on the Home page after logging into the LMS website # stepdefinitions.Home_Title_Steps.user_landed_on_the_home_page_after_logging_into_the_lms_website()
Expected Text:Program
Actual text:Program
ProgramButton is present
  Then User should see a button with text "Program" on the menu bar    # stepdefinitions.Home_Buttons_Steps.user_should_see_a_button_with_text_on_the_menu_bar(java.lang.String)
]]></system-out>
  </testcase>
  <testcase name="Verify Visibility of BatchButton in HomePage" classname="Feature to Validate MenuBarButtons of LMS UI HomePage" time="0.056">
    <system-out><![CDATA[
@home_btn @verify_btn_batch
Scenario: Verify Visibility of BatchButton in HomePage                 # src/test/resources/features/Feature2homefeatures/home_buttons.feature:15
  Given User opens browser                                             # stepdefinitions.Home_Title_Steps.user_opens_browser()
  When User landed on the Home page after logging into the LMS website # stepdefinitions.Home_Title_Steps.user_landed_on_the_home_page_after_logging_into_the_lms_website()
Expected Text:Batch
Actual text:Batch
BatchButton is present
  Then User should see a button with text "Batch" on the menu bar      # stepdefinitions.Home_Buttons_Steps.user_should_see_a_button_with_text_on_the_menu_bar(java.lang.String)
]]></system-out>
  </testcase>
  <testcase name="Verify Visibility of UserButton in HomePage" classname="Feature to Validate MenuBarButtons of LMS UI HomePage" time="0.039">
    <system-out><![CDATA[
@home_btn @verify_btn_user
Scenario: Verify Visibility of UserButton in HomePage                  # src/test/resources/features/Feature2homefeatures/home_buttons.feature:19
  Given User opens browser                                             # stepdefinitions.Home_Title_Steps.user_opens_browser()
  When User landed on the Home page after logging into the LMS website # stepdefinitions.Home_Title_Steps.user_landed_on_the_home_page_after_logging_into_the_lms_website()
Expected Text:User
Actual text:User
UserButton is present
  Then User should see a button with text "User" on the menu bar       # stepdefinitions.Home_Buttons_Steps.user_should_see_a_button_with_text_on_the_menu_bar(java.lang.String)
]]></system-out>
  </testcase>
  <testcase name="Verify Visibility of AssignmentButton in HomePage" classname="Feature to Validate MenuBarButtons of LMS UI HomePage" time="0.026">
    <system-out><![CDATA[
@home_btn @verify_btn_assignment
Scenario: Verify Visibility of AssignmentButton in HomePage            # src/test/resources/features/Feature2homefeatures/home_buttons.feature:23
  Given User opens browser                                             # stepdefinitions.Home_Title_Steps.user_opens_browser()
  When User landed on the Home page after logging into the LMS website # stepdefinitions.Home_Title_Steps.user_landed_on_the_home_page_after_logging_into_the_lms_website()
Expected Text:Assignment
Actual text:Assignment
AssignmentButton is present
  Then User should see a button with text "Assignment" on the menu bar # stepdefinitions.Home_Buttons_Steps.user_should_see_a_button_with_text_on_the_menu_bar(java.lang.String)
]]></system-out>
  </testcase>
  <testcase name="Verify Visibility of AttendanceButton in HomePage" classname="Feature to Validate MenuBarButtons of LMS UI HomePage" time="0.032">
    <system-out><![CDATA[
@home_btn @verify_btn_attendance
Scenario: Verify Visibility of AttendanceButton in HomePage            # src/test/resources/features/Feature2homefeatures/home_buttons.feature:27
  Given User opens browser                                             # stepdefinitions.Home_Title_Steps.user_opens_browser()
  When User landed on the Home page after logging into the LMS website # stepdefinitions.Home_Title_Steps.user_landed_on_the_home_page_after_logging_into_the_lms_website()
Expected Text:Attendance
Actual text:Attendance
AttendanceButton is present
  Then User should see a button with text "Attendance" on the menu bar # stepdefinitions.Home_Buttons_Steps.user_should_see_a_button_with_text_on_the_menu_bar(java.lang.String)
]]></system-out>
  </testcase>
  <testcase name="Verify Visibility of LogoutButton in HomePage" classname="Feature to Validate MenuBarButtons of LMS UI HomePage" time="0.032">
    <system-out><![CDATA[
@home_btn @verify_btn_logout
Scenario: Verify Visibility of LogoutButton in HomePage                # src/test/resources/features/Feature2homefeatures/home_buttons.feature:31
  Given User opens browser                                             # stepdefinitions.Home_Title_Steps.user_opens_browser()
  When User landed on the Home page after logging into the LMS website # stepdefinitions.Home_Title_Steps.user_landed_on_the_home_page_after_logging_into_the_lms_website()
Expected Text:Logout
Actual text:Logout
LogoutButton is present
  Then User should see a button with text "Logout" on the menu bar     # stepdefinitions.Home_Buttons_Steps.user_should_see_a_button_with_text_on_the_menu_bar(java.lang.String)
]]></system-out>
  </testcase>
  <testcase name="Verify  the heading of the Home page" classname="Feature to Validate Heading of LMS UI HomePage" time="0.047">
    <system-out><![CDATA[
@home_heading @verify_homepage_heading
Scenario: Verify  the heading of the Home page                                               # src/test/resources/features/Feature2homefeatures/home_heading.feature:6
  Given User opens browser                                                                   # stepdefinitions.Home_Title_Steps.user_opens_browser()
  When User landed on the Home page after logging into the LMS website                       # stepdefinitions.Home_Title_Steps.user_landed_on_the_home_page_after_logging_into_the_lms_website()
Expected Heading is LMS - Learning Management System
Actual Heading is LMS - Learning Management System
  Then User should see heading with text "LMS - Learning Management System" on the Home page # stepdefinitions.Home_Heading_Steps.user_should_see_heading_with_text_on_the_home_page(java.lang.String)
]]></system-out>
  </testcase>
  <testcase name="Verify  the title of the Home page" classname="Feature to Validate Title of LMS UI HomePage" time="0.014">
    <system-out><![CDATA[
@home_title @verify_homepage_title
Scenario: Verify  the title of the Home page                           # src/test/resources/features/Feature2homefeatures/home_title.feature:6
  Given User opens browser                                             # stepdefinitions.Home_Title_Steps.user_opens_browser()
  When User landed on the Home page after logging into the LMS website # stepdefinitions.Home_Title_Steps.user_landed_on_the_home_page_after_logging_into_the_lms_website()
Actual Title:LMS
  Then verify that title of the page is "LMS"                          # stepdefinitions.Home_Title_Steps.verify_that_title_of_the_page_is(java.lang.String)
]]></system-out>
  </testcase>
  <testcase name="Verify  the heading of the Program page" classname="Feature to Validate Heading of LMS UI Program Page" time="0.082">
    <system-out><![CDATA[
@pgm_heading @verify_pgmpage_heading
Scenario: Verify  the heading of the Program page                               # src/test/resources/features/Feature3programfeatures/step1_program_heading.feature:6
  Given User is logged into LMS website                                         # stepdefinitions.Program_Heading_Steps.user_is_logged_into_lms_website()
Inside Program page
  When User is on Program page                                                  # stepdefinitions.Program_Heading_Steps.user_is_on_program_page()
Expected Heading :Manage Program
Actual Heading :Manage Program
  Then User should see a heading with text "Manage Program" on the Program page # stepdefinitions.Program_Heading_Steps.user_should_see_a_heading_with_text_on_the_program_page(java.lang.String)
]]></system-out>
  </testcase>
  <testcase name="Validate the text below the table" classname="Feature to Validate Footer of LMS UI Program Page" time="0.082">
    <system-out><![CDATA[
@pgm_footer @verify_pgmpage_footertxt
Scenario: Validate the text below the table                                                            # src/test/resources/features/Feature3programfeatures/step2_program_footer.feature:9
  Given User is logged on to LMS website                                                               # stepdefinitions.Assignment_headingSteps.user_is_logged_on_to_lms_website()
Inside Program page
  When User is on Program page                                                                         # stepdefinitions.Program_Heading_Steps.user_is_on_program_page()
Actual Footer text: Showing 1 to 5 of 16 entries
  Then User should see the text as "Showing {x} to {y} of {z} entries" below the table in ProgramPage. # stepdefinitions.Program_Footer_Steps.user_should_see_the_text_as_below_the_table_in_program_page(java.lang.String)
]]></system-out>
  </testcase>
  <testcase name="Validate the footer" classname="Feature to Validate Footer of LMS UI Program Page" time="0.556">
    <system-out><![CDATA[
@pgm_footer @verify_pgmpage_footer
Scenario: Validate the footer                                                           # src/test/resources/features/Feature3programfeatures/step2_program_footer.feature:13
  Given User is logged on to LMS website                                                # stepdefinitions.Assignment_headingSteps.user_is_logged_on_to_lms_website()
Inside Program page
  When User is on Program page                                                          # stepdefinitions.Program_Heading_Steps.user_is_on_program_page()
Expected Footer: In total there are 16 programs.
Actual Footer: In total there are 16 programs.
  Then User should see the footer as "In total there are {z}  programs" in ProgramPage. # stepdefinitions.Program_Footer_Steps.user_should_see_the_footer_as_in_program_page(java.lang.String)
]]></system-out>
  </testcase>
  <testcase name="Validating the default state of Delete button" classname="Feature to Validate state of DeleteButton of LMS UI Program Page" time="0.096">
    <system-out><![CDATA[
@pgm_deletebtn @verify_pgmpage_deletebtn
Scenario: Validating the default state of Delete button                                       # src/test/resources/features/Feature3programfeatures/step3_program_deletebtn.feature:6
  Given User is logged on to LMS website                                                      # stepdefinitions.Assignment_headingSteps.user_is_logged_on_to_lms_website()
Inside Program page
  When User is on Program page                                                                # stepdefinitions.Program_Heading_Steps.user_is_on_program_page()
Button is Disabled:true
Delete button is diasbled
  Then User should see the Delete button on the top left hand side as Disabled in ProgramPage # stepdefinitions.Program_DeleteBtn_Steps.user_should_see_the_delete_button_on_the_top_left_hand_side_as_disabled_in_programpage()
]]></system-out>
  </testcase>
  <testcase name="Validate that number of records displayed" classname="Feature to Validate No.of.Records in LMS UI Program Page" time="0.1">
    <system-out><![CDATA[
@pgm_records @verify_pgmpage_records
Scenario: Validate that number of records displayed                # src/test/resources/features/Feature3programfeatures/step4_program_noofrecords.feature:6
  Given User is logged on to LMS website                           # stepdefinitions.Assignment_headingSteps.user_is_logged_on_to_lms_website()
Inside Program page
  When User is on Program page                                     # stepdefinitions.Program_Heading_Steps.user_is_on_program_page()
Records are displayed
  Then Verify that number of records  displayed on the programpage # stepdefinitions.Program_NoofRecords_Steps.verify_that_number_of_records_displayed_on_the_programpage()
]]></system-out>
  </testcase>
  <testcase name="Validate Search Feature" classname="Feature to Validate SearchProgram of LMS UI Program Page" time="0.085">
    <system-out><![CDATA[
@pgm_search @verify_search
Scenario: Validate Search Feature                                      # src/test/resources/features/Feature3programfeatures/step5_program_searchpgm.feature:6
  Given User is logged on to LMS website                               # stepdefinitions.Assignment_headingSteps.user_is_logged_on_to_lms_website()
Inside Program page
  When User is on Program page                                         # stepdefinitions.Program_Heading_Steps.user_is_on_program_page()
Expected text in the search box: Search...
Actual text in the search box: Search...
  Then Text box used for search has text as 'Search...' in ProgramPage # stepdefinitions.Program_Search_Steps.text_box_used_for_search_has_text_as_in_program_page(java.lang.String)
]]></system-out>
  </testcase>
  <testcase name="Search Program By Name" classname="Feature to Validate SearchProgram of LMS UI Program Page" time="2.308">
    <system-out><![CDATA[
@pgm_search @search_byname
Scenario: Search Program By Name                                   # src/test/resources/features/Feature3programfeatures/step5_program_searchpgm.feature:13
Inside Program page
  Given User is on Program page                                    # stepdefinitions.Program_Heading_Steps.user_is_on_program_page()
  When User enters <name phrase> into search box from ProgramPage. # stepdefinitions.Program_Search_Steps.user_enters_name_phrase_into_search_box_from_program_page()
In Page 1
SDETis present in row1
Total Pages:  1
Total Records:  1
  Then Entries for <name phrase> are shown in ProgramPage.         # stepdefinitions.Program_Search_Steps.entries_for_name_phrase_are_shown_in_program_page()
]]></system-out>
  </testcase>
  <testcase name="Search Program By Description" classname="Feature to Validate SearchProgram of LMS UI Program Page" time="2.246">
    <system-out><![CDATA[
@pgm_search @search_bydescription
Scenario: Search Program By Description                                   # src/test/resources/features/Feature3programfeatures/step5_program_searchpgm.feature:19
Inside Program page
  Given User is on Program page                                           # stepdefinitions.Program_Heading_Steps.user_is_on_program_page()
  When User enters <description phrase> into search box from ProgramPage. # stepdefinitions.Program_Search_Steps.user_enters_description_phrase_into_search_box_from_program_page()
In Page 1
JAVAis present in row1
Total Pages:  1
Total Records:  1
  Then Entries for <description phrase> are shown in ProgramPage.         # stepdefinitions.Program_Search_Steps.entries_for_description_phrase_are_shown_in_program_page()
]]></system-out>
  </testcase>
  <testcase name="Search Program By Status" classname="Feature to Validate SearchProgram of LMS UI Program Page" time="3.878">
    <system-out><![CDATA[
@pgm_search @search_bystatus
Scenario: Search Program By Status                                 # src/test/resources/features/Feature3programfeatures/step5_program_searchpgm.feature:26
Inside Program page
  Given User is on Program page                                    # stepdefinitions.Program_Heading_Steps.user_is_on_program_page()
  When User enters <status phrase> into search box in ProgramPage. # stepdefinitions.Program_Search_Steps.user_enters_status_phrase_into_search_box_in_program_page()
In Page 1
ACTIVEis present in row1
ACTIVEis present in row2
ACTIVEis present in row3
ACTIVEis present in row4
ACTIVEis present in row5
In Page 2
ACTIVEis present in row1
ACTIVEis present in row2
ACTIVEis present in row3
ACTIVEis present in row4
ACTIVEis present in row5
In Page 3
ACTIVEis present in row1
ACTIVEis present in row2
ACTIVEis present in row3
ACTIVEis present in row4
ACTIVEis present in row5
In Page 4
ACTIVEis present in row1
Total Pages:  4
Total Records:  16
  Then Entries for <status phrase> are shown in ProgramPage.       # stepdefinitions.Program_Search_Steps.entries_for_status_phrase_are_shown_in_program_page()
]]></system-out>
  </testcase>
  <testcase name="Select Program" classname="Feature to Validate Edit Program of LMS UI Program Page" time="2.201">
    <system-out><![CDATA[
@pgm_edit @selectpgm
Scenario: Select Program                   # src/test/resources/features/Feature3programfeatures/step6_program_edit.feature:6
Inside Program page
  Given User is on Program page            # stepdefinitions.Program_Heading_Steps.user_is_on_program_page()
  When User selects Program using checkbox # stepdefinitions.Program_Edit_Steps.user_selects_program_using_checkbox()
check box selected: true
  Then Program gets selected               # stepdefinitions.Program_Edit_Steps.program_gets_selected()
]]></system-out>
  </testcase>
  <testcase name="Edit Feature" classname="Feature to Validate Edit Program of LMS UI Program Page" time="0.232">
    <system-out><![CDATA[
@pgm_edit @edit_feature
Scenario: Edit Feature                             # src/test/resources/features/Feature3programfeatures/step6_program_edit.feature:13
Inside Program page
  Given User is on Program page                    # stepdefinitions.Program_Heading_Steps.user_is_on_program_page()
  When User clicks on <Edit> button in ProgramPage # stepdefinitions.Program_Edit_Steps.user_clicks_on_edit_button_in_programpage()
Dialog box is displayed: true
  Then User is on Program Details form.            # stepdefinitions.Program_Edit_Steps.user_is_on_program_details_form()
]]></system-out>
  </testcase>
  <testcase name="Edit Program Name" classname="Feature to Validate Edit Program of LMS UI Program Page" time="2.273">
    <system-out><![CDATA[
@pgm_edit @edit_pgmname
Scenario: Edit Program Name                                       # src/test/resources/features/Feature3programfeatures/step6_program_edit.feature:19
Dialog box is displayed: true
  Given User is on Program Details form                           # stepdefinitions.Program_Add_Steps.user_is_on_program_details_form()
  When User edits Name and selects the Save button in ProgramPage # stepdefinitions.Program_Edit_Steps.user_edits_name_and_selects_the_save_button_in_programpage()
  Then User can see updated Name in ProgramPage                   # stepdefinitions.Program_Edit_Steps.user_can_see_updated_name_in_programpage()
]]></system-out>
  </testcase>
  <testcase name="Edit Program Description" classname="Feature to Validate Edit Program of LMS UI Program Page" time="2.262">
    <system-out><![CDATA[
@pgm_edit @edit_pgmdescription
Scenario: Edit Program Description                                       # src/test/resources/features/Feature3programfeatures/step6_program_edit.feature:25
Dialog box is displayed: true
  Given User is on Program Details form                                  # stepdefinitions.Program_Add_Steps.user_is_on_program_details_form()
  When User edits Description and selects the Save button in ProgramPage # stepdefinitions.Program_Edit_Steps.user_edits_description_and_selects_the_save_button_in_programpage()
  Then User can see updated Description in ProgramPage                   # stepdefinitions.Program_Edit_Steps.user_can_see_updated_description_in_programpage()
]]></system-out>
  </testcase>
  <testcase name="Change Program Status" classname="Feature to Validate Edit Program of LMS UI Program Page" time="2.275">
    <system-out><![CDATA[
@pgm_edit @change_status
Scenario: Change Program Status                                       # src/test/resources/features/Feature3programfeatures/step6_program_edit.feature:31
Dialog box is displayed: true
  Given User is on Program Details form                               # stepdefinitions.Program_Add_Steps.user_is_on_program_details_form()
  When User changes status and selects the Save button in ProgramPage # stepdefinitions.Program_Edit_Steps.user_changes_status_and_selects_the_save_button_in_programpage()
  Then User can see updated status in ProgramPage                     # stepdefinitions.Program_Edit_Steps.user_can_see_updated_status_in_programpage()
]]></system-out>
  </testcase>
  <testcase name="Click Save" classname="Feature to Validate Edit Program of LMS UI Program Page" time="0.199">
    <system-out><![CDATA[
@pgm_edit @save
Scenario: Click Save                                                    # src/test/resources/features/Feature3programfeatures/step6_program_edit.feature:37
Dialog box is displayed: true
  Given User is on Program Details form                                 # stepdefinitions.Program_Add_Steps.user_is_on_program_details_form()
  When User clicks <Save> button in ProgramPage                         # stepdefinitions.Program_Edit_Steps.user_clicks_save_button_in_programpage()
  Then User can see 'Successful Program Updated' message in ProgramPage # stepdefinitions.Program_Edit_Steps.user_can_see_message_in_programpage(java.lang.String)
]]></system-out>
  </testcase>
  <testcase name="Select Program" classname="Feature to Validate Delete Functionality of LMS UI Program Page" time="2.341">
    <system-out><![CDATA[
@pgm_delete @selectpgm
Scenario: Select Program                   # src/test/resources/features/Feature3programfeatures/step7_program_deletepgm.feature:5
Inside Program page
  Given User is on Program page            # stepdefinitions.Program_Heading_Steps.user_is_on_program_page()
  When User selects Program using checkbox # stepdefinitions.Program_Edit_Steps.user_selects_program_using_checkbox()
check box selected: true
  Then Program gets selected               # stepdefinitions.Program_Edit_Steps.program_gets_selected()
]]></system-out>
  </testcase>
  <testcase name="Delete Feature" classname="Feature to Validate Delete Functionality of LMS UI Program Page" time="0.167">
    <system-out><![CDATA[
@pgm_delete @delete_feature
Scenario: Delete Feature                    # src/test/resources/features/Feature3programfeatures/step7_program_deletepgm.feature:11
Inside Program page
  Given User is on Program page             # stepdefinitions.Program_Heading_Steps.user_is_on_program_page()
  When User clicks on <Delete> button       # stepdefinitions.Program_Delete_Steps.user_clicks_on_delete_button()
  Then User lands on Confirm Deletion form. # stepdefinitions.Program_Delete_Steps.user_lands_on_confirm_deletion_form()
]]></system-out>
  </testcase>
  <testcase name="Click Yes" classname="Feature to Validate Delete Functionality of LMS UI Program Page" time="0.131">
    <system-out><![CDATA[
@pgm_delete @clickyes
Scenario: Click Yes                                      # src/test/resources/features/Feature3programfeatures/step7_program_deletepgm.feature:17
  Given User is on Confirm Deletion form                 # stepdefinitions.Program_Delete_Steps.user_is_on_confirm_deletion_form()
  When User clicks <Yes> button                          # stepdefinitions.Program_Delete_Steps.user_clicks_yes_button()
  Then User can see 'Successful Program Deleted' message # stepdefinitions.Program_Delete_Steps.user_can_see_message(java.lang.String)
]]></system-out>
  </testcase>
  <testcase name="Click No" classname="Feature to Validate Delete Functionality of LMS UI Program Page" time="2.29">
    <system-out><![CDATA[
@pgm_delete @clickno
Scenario: Click No                                   # src/test/resources/features/Feature3programfeatures/step7_program_deletepgm.feature:24
  Given User clicks on <Delete> button               # stepdefinitions.Program_Delete_Steps.user_clicks_on_delete_button()
Clicked No button
  When User clicks <No> button                       # stepdefinitions.Program_Delete_Steps.user_clicks_no_button()
  Then User can see Confirm Deletion form disappears # stepdefinitions.Program_Delete_Steps.user_can_see_confirm_deletion_form_disappears()
]]></system-out>
  </testcase>
  <testcase name="Validate Add New Program" classname="Feature to Validate Add Program Functionality of LMS UI Program Page" time="0.329">
    <system-out><![CDATA[
@addpgm @add_newpgm
Scenario: Validate Add New Program        # src/test/resources/features/Feature3programfeatures/step8_program_add.feature:6
Inside Program page
  Given User is on Program page           # stepdefinitions.Program_Heading_Steps.user_is_on_program_page()
  When User clicks <A New Program> button # stepdefinitions.Program_Add_Steps.user_clicks_a_new_program_button()
Dialog box is displayed: true
  Then User is on Program Details form    # stepdefinitions.Program_Add_Steps.user_is_on_program_details_form()
]]></system-out>
  </testcase>
  <testcase name="Empty form submission" classname="Feature to Validate Add Program Functionality of LMS UI Program Page" time="0.272">
    <system-out><![CDATA[
@addpgm @emptysubmission
Scenario: Empty form submission                                              # src/test/resources/features/Feature3programfeatures/step8_program_add.feature:12
Dialog box is displayed: true
  Given User is on Program Details form                                      # stepdefinitions.Program_Add_Steps.user_is_on_program_details_form()
  When User clicks <Save> button without entering data in Programdetailsform # stepdefinitions.Program_Add_Steps.user_clicks_save_button_without_entering_data_in_programdetailsform()
Actual error msg:Name is required.
  Then User gets message 'Name is required.' in PgmPage                      # stepdefinitions.Program_Add_Steps.user_gets_message_in_pgm_page(java.lang.String)
]]></system-out>
  </testcase>
  <testcase name="Enter Program Name" classname="Feature to Validate Add Program Functionality of LMS UI Program Page" time="2.244">
    <system-out><![CDATA[
@addpgm @enter_name
Scenario: Enter Program Name                                # src/test/resources/features/Feature3programfeatures/step8_program_add.feature:19
Dialog box is displayed: true
  Given User is on Program Details form                     # stepdefinitions.Program_Add_Steps.user_is_on_program_details_form()
  When User enters <Name> in text box in Programdetailsform # stepdefinitions.Program_Add_Steps.user_enters_name_in_text_box_in_programdetailsform()
Program Name entered:
  Then User can see name entered in PgmPage                 # stepdefinitions.Program_Add_Steps.user_can_see_name_entered_in_pgm_page()
]]></system-out>
  </testcase>
  <testcase name="Enter Program Description" classname="Feature to Validate Add Program Functionality of LMS UI Program Page" time="2.22">
    <system-out><![CDATA[
@addpgm @enter_description
Scenario: Enter Program Description                                # src/test/resources/features/Feature3programfeatures/step8_program_add.feature:25
Dialog box is displayed: true
  Given User is on Program Details form                            # stepdefinitions.Program_Add_Steps.user_is_on_program_details_form()
  When User enters <Description> in text box in Programdetailsform # stepdefinitions.Program_Add_Steps.user_enters_description_in_text_box_in_programdetailsform()
Program Description entered:
  Then User can see Description entered in PgmPage                 # stepdefinitions.Program_Add_Steps.user_can_see_Description_entered_in_pgm_page()
]]></system-out>
  </testcase>
  <testcase name="Select Status" classname="Feature to Validate Add Program Functionality of LMS UI Program Page" time="2.257">
    <system-out><![CDATA[
@addpgm @select_status
Scenario: Select Status                                              # src/test/resources/features/Feature3programfeatures/step8_program_add.feature:31
Dialog box is displayed: true
  Given User is on Program Details form                              # stepdefinitions.Program_Add_Steps.user_is_on_program_details_form()
  When User selects <Status> using radiobutton in Programdetailsform # stepdefinitions.Program_Add_Steps.user_selects_status_using_radiobutton_in_programdetailsform()
  Then User can see status selected in PgmPage                       # stepdefinitions.Program_Add_Steps.user_can_see_status_selected_in_pgm_page()
]]></system-out>
  </testcase>
  <testcase name="Click Save" classname="Feature to Validate Add Program Functionality of LMS UI Program Page" time="0.195">
    <system-out><![CDATA[
@addpgm @click_save
Scenario: Click Save                                             # src/test/resources/features/Feature3programfeatures/step8_program_add.feature:37
Dialog box is displayed: true
  Given User is on Program Details form                          # stepdefinitions.Program_Add_Steps.user_is_on_program_details_form()
  When User clicks <Save> button in Programdetailsform           # stepdefinitions.Program_Add_Steps.user_clicks_save_button_in_programdetailsform()
Actual Success msg:Successful Program created
  Then User gets message 'Successful Program created' in PgmPage # stepdefinitions.Program_Add_Steps.user_gets_message_in_pgm_page(java.lang.String)
]]></system-out>
  </testcase>
  <testcase name="Select multiple Program" classname="Feature to Validate Muliple program Deletion Functionality of LMS UI Program Page" time="4.465">
    <system-out><![CDATA[
@multi_delete @select_multiplepgm
Scenario: Select multiple Program                        # src/test/resources/features/Feature3programfeatures/step9_0_program_multiplepgmdelete.feature:5
Inside Program page
  Given User is on Program page                          # stepdefinitions.Program_Heading_Steps.user_is_on_program_page()
Current page records are: 5
Row 1 is selected for deletion
Row 5 is selected for deletion
Total rows selected for deletion is: 2
  When User selects more than one Program using checkbox # stepdefinitions.Program_multipledeletion.user_selects_more_than_one_program_using_checkbox()
Multiple programs got selected
  Then multiple Program gets selected                    # stepdefinitions.Program_multipledeletion.multiple_program_gets_selected()
]]></system-out>
  </testcase>
  <testcase name="Delete Feature" classname="Feature to Validate Muliple program Deletion Functionality of LMS UI Program Page" time="2.188">
    <system-out><![CDATA[
@multi_delete @delete_feature
Scenario: Delete Feature                                 # src/test/resources/features/Feature3programfeatures/step9_0_program_multiplepgmdelete.feature:11
Inside Program page
  Given User is on Program page                          # stepdefinitions.Program_Heading_Steps.user_is_on_program_page()
Delete button clicked
  When User clicks on <Delete> button on top left corner # stepdefinitions.Program_multipledeletion.user_clicks_on_delete_button_on_top_left_corner()
  Then User lands on Confirm Deletion form.              # stepdefinitions.Program_Delete_Steps.user_lands_on_confirm_deletion_form()
]]></system-out>
  </testcase>
  <testcase name="Click Yes" classname="Feature to Validate Muliple program Deletion Functionality of LMS UI Program Page" time="0.136">
    <system-out><![CDATA[
@multi_delete @clickyes
Scenario: Click Yes                                       # src/test/resources/features/Feature3programfeatures/step9_0_program_multiplepgmdelete.feature:17
  Given User is on Confirm Deletion form                  # stepdefinitions.Program_Delete_Steps.user_is_on_confirm_deletion_form()
  When User clicks <Yes> button                           # stepdefinitions.Program_Delete_Steps.user_clicks_yes_button()
  Then User can see 'Successful Programs Deleted' message # stepdefinitions.Program_Delete_Steps.user_can_see_message(java.lang.String)
]]></system-out>
  </testcase>
  <testcase name="Click No" classname="Feature to Validate Muliple program Deletion Functionality of LMS UI Program Page" time="8.634">
    <system-out><![CDATA[
@multi_delete @clickno
Scenario: Click No                                       # src/test/resources/features/Feature3programfeatures/step9_0_program_multiplepgmdelete.feature:24
Inside Program page
  Given User is on Program page                          # stepdefinitions.Program_Heading_Steps.user_is_on_program_page()
Current page records are: 5
Row 1 is selected for deletion
Row 5 is selected for deletion
Total rows selected for deletion is: 2
  When User selects more than one Program using checkbox # stepdefinitions.Program_multipledeletion.user_selects_more_than_one_program_using_checkbox()
Delete button clicked
  When User clicks on <Delete> button on top left corner # stepdefinitions.Program_multipledeletion.user_clicks_on_delete_button_on_top_left_corner()
Clicked No button
  When User clicks <No> button                           # stepdefinitions.Program_Delete_Steps.user_clicks_no_button()
  Then User can see Confirm Deletion form disappears     # stepdefinitions.Program_Delete_Steps.user_can_see_confirm_deletion_form_disappears()
]]></system-out>
  </testcase>
  <testcase name="Verify previous link on the first page #1" classname="Validate pagination functionality of LMS UI Program Page" time="0.071">
    <system-out><![CDATA[
@pagination @verify_previouslink_infirstpage
Scenario: Verify previous link on the first page # src/test/resources/features/Feature3programfeatures/step9_1_program_pagination.feature:5
  Given User is logged on to LMS website         # stepdefinitions.Assignment_headingSteps.user_is_logged_on_to_lms_website()
  When User is on first page of Manage Program   # stepdefinitions.Program_PaginationSteps.user_is_on_first_page_of_manage_program()
Disabled attr is present : true
  Then Verify that previous link is disabled     # stepdefinitions.Program_PaginationSteps.verify_that_previous_link_is_disabled()
]]></system-out>
  </testcase>
  <testcase name="Verify next link" classname="Validate pagination functionality of LMS UI Program Page" time="0.324">
    <system-out><![CDATA[
@pagination @verify_nextlink
Scenario: Verify next link           # src/test/resources/features/Feature3programfeatures/step9_1_program_pagination.feature:11
  Given User is on first page        # stepdefinitions.Program_PaginationSteps.user_is_on_first_page()
  When User clicks navigate > button # stepdefinitions.Program_PaginationSteps.user_clicks_navigate_nextbutton()
Current page no is : 2
  Then User is on page number '2'    # stepdefinitions.Program_PaginationSteps.user_is_on_the_page_number(java.lang.String)
]]></system-out>
  </testcase>
  <testcase name="Verify previous link on the first page #2" classname="Validate pagination functionality of LMS UI Program Page" time="0.424">
    <system-out><![CDATA[
@pagination @verify_previouslink
Scenario: Verify previous link on the first page # src/test/resources/features/Feature3programfeatures/step9_1_program_pagination.feature:17
Current page no is : 2
  Given User is on page number '2'               # stepdefinitions.Program_PaginationSteps.user_is_on_the_page_number(java.lang.String)
  When User clicks navigate < button             # stepdefinitions.Program_PaginationSteps.user_clicks_navigate_previousbutton()
Current page no is : 1
  Then User is on page number '1'                # stepdefinitions.Program_PaginationSteps.user_is_on_the_page_number(java.lang.String)
]]></system-out>
  </testcase>
  <testcase name="Verify next link on the last page" classname="Validate pagination functionality of LMS UI Program Page" time="0.132">
    <system-out><![CDATA[
@pagination @verify_nextlink_inlasttpage
Scenario: Verify next link on the last page   # src/test/resources/features/Feature3programfeatures/step9_1_program_pagination.feature:23
  Given User is logged on to LMS website      # stepdefinitions.Assignment_headingSteps.user_is_logged_on_to_lms_website()
  When User is on last page of Manage Program # stepdefinitions.Program_PaginationSteps.user_is_on_last_page_of_manage_program()
Disabled attr is present : true
  Then Verify that next link is disabled      # stepdefinitions.Program_PaginationSteps.verify_that_next_link_is_disabled()
]]></system-out>
  </testcase>
  <testcase name="Verify that the results are displayed in Ascending order of Program name" classname="Validate the Results are displayed in ascending order" time="2.86">
    <system-out><![CDATA[
@asc_orderresults @name_ascorder
Scenario: Verify that the results are displayed in Ascending order of Program name # src/test/resources/features/Feature3programfeatures/step9_2_program_ascorderresults.feature:5
Current page no : 1
  Given User is on first page of Manage Program                                    # stepdefinitions.Program_PaginationSteps.user_is_on_first_page_of_manage_program()
  When User clicks on the Ascending arrow (down ) near to the Program name         # stepdefinitions.Program_Ascorder.user_clicks_onthe_ascending_arrow_down_near_to_the_program_name()
*****In Page no  1:*****
Actual values are:
pgm10
pgm11
pgm14
pgm16
pgm17
Expected values are:
pgm10
pgm11
pgm14
pgm16
pgm17
*****In Page no  2:*****
Actual values are:
pgm20
pgm21
pgmA
SDET
updatedname
Expected values are:
pgm20
pgm21
pgmA
SDET
updatedname
*****In Page no  3:*****
Actual values are:
updatedname
updatedname
updatedname
updatedname
Expected values are:
updatedname
updatedname
updatedname
updatedname
  Then User can see the results in Ascending order of Program name                 # stepdefinitions.Program_Ascorder.user_can_see_the_results_in_ascending_order_of_program_name()
]]></system-out>
  </testcase>
  <testcase name="Verify that the results are displayed in Ascending order of Program Description" classname="Validate the Results are displayed in ascending order" time="2.796">
    <system-out><![CDATA[
@asc_orderresults @description_ascorder
Scenario: Verify that the results are displayed in Ascending order of Program Description # src/test/resources/features/Feature3programfeatures/step9_2_program_ascorderresults.feature:12
Current page no : 1
  Given User is on first page of Manage Program                                           # stepdefinitions.Program_PaginationSteps.user_is_on_first_page_of_manage_program()
  When User clicks on the Ascending arrow (down ) near to the Program Description         # stepdefinitions.Program_Ascorder.user_clicks_onthe_ascending_arrow_down_near_to_the_program_description()
*****In Page no  1:*****
Actual values are:
desc
desc10
desc11
desc14
desc20
Expected values are:
desc
desc10
desc11
desc14
desc20
*****In Page no  2:*****
Actual values are:
desc21
dsc16
dsc17
JAVA
updateddesc
Expected values are:
desc21
dsc16
dsc17
JAVA
updateddesc
*****In Page no  3:*****
Actual values are:
updateddesc
updateddesc
updateddesc
updateddesc
Expected values are:
updateddesc
updateddesc
updateddesc
updateddesc
  Then User can see the results in Ascending order of Program Description                 # stepdefinitions.Program_Ascorder.user_can_see_the_results_in_ascending_order_of_program_description()
]]></system-out>
  </testcase>
  <testcase name="Verify that the results are displayed in Ascending order of Program Status" classname="Validate the Results are displayed in ascending order" time="2.86">
    <system-out><![CDATA[
@asc_orderresults @status_ascorder
Scenario: Verify that the results are displayed in Ascending order of Program Status # src/test/resources/features/Feature3programfeatures/step9_2_program_ascorderresults.feature:18
Current page no : 1
  Given User is on first page of Manage Program                                      # stepdefinitions.Program_PaginationSteps.user_is_on_first_page_of_manage_program()
  When User clicks on the Ascending arrow (down ) near to the Program status         # stepdefinitions.Program_Ascorder.user_clicks_onthe_ascending_arrow_down_near_to_the_program_status()
*****In Page no  1:*****
Actual values are:
Active
Active
Active
Active
Inactive
Expected values are:
Active
Active
Active
Active
Inactive
*****In Page no  2:*****
Actual values are:
Inactive
Inactive
Inactive
Inactive
Inactive
Expected values are:
Inactive
Inactive
Inactive
Inactive
Inactive
*****In Page no  3:*****
Actual values are:
Inactive
Inactive
Inactive
Inactive
Expected values are:
Inactive
Inactive
Inactive
Inactive
  Then User can see the results in Ascending order of Program status                 # stepdefinitions.Program_Ascorder.user_can_see_the_results_in_ascending_order_of_program_status()
]]></system-out>
  </testcase>
  <testcase name="Verify that the results are displayed in descending order of Program name" classname="Validate the Results are displayed in descending order" time="2.895">
    <system-out><![CDATA[
@desc_orderresults @name_descorder
Scenario: Verify that the results are displayed in descending order of Program name # src/test/resources/features/Feature3programfeatures/step9_3_program_dscorderresults.feature:5
Current page no : 1
  Given User is on first page of Manage Program                                     # stepdefinitions.Program_PaginationSteps.user_is_on_first_page_of_manage_program()
  When User clicks on the descending arrow (down ) near to the Program name         # stepdefinitions.Program_Descorder.user_clicks_on_the_descending_arrow_down_near_to_the_program_name()
*****In Page no  1:*****
Actual values are:
updatedname
updatedname
updatedname
updatedname
updatedname
Expected values are:
updatedname
updatedname
updatedname
updatedname
updatedname
*****In Page no  2:*****
Actual values are:
SDET
pgmA
pgm21
pgm20
pgm17
Expected values are:
pgmA
pgm21
pgm20
pgm17
SDET
At Row 1:expected= pgmA but actual =SDET
At Row 2:expected= pgm21 but actual =pgmA
At Row 3:expected= pgm20 but actual =pgm21
At Row 4:expected= pgm17 but actual =pgm20
At Row 5:expected= SDET but actual =pgm17
*****In Page no  3:*****
Actual values are:
pgm16
pgm14
pgm11
pgm10
Expected values are:
pgm16
pgm14
pgm11
pgm10
  Then User can see the results in descending order of Program name                 # stepdefinitions.Program_Descorder.user_can_see_the_results_in_descending_order_of_program_name()
]]></system-out>
  </testcase>
  <testcase name="Verify that the results are displayed in descending order of Program Description" classname="Validate the Results are displayed in descending order" time="2.917">
    <system-out><![CDATA[
@desc_orderresults @description_desccorder
Scenario: Verify that the results are displayed in descending order of Program Description # src/test/resources/features/Feature3programfeatures/step9_3_program_dscorderresults.feature:12
Current page no : 1
  Given User is on first page of Manage Program                                            # stepdefinitions.Program_PaginationSteps.user_is_on_first_page_of_manage_program()
  When User clicks on the descending arrow (down ) near to the Program Description         # stepdefinitions.Program_Descorder.user_clicks_on_the_descending_arrow_down_near_to_the_program_description()
*****In Page no  1:*****
Actual values are:
updateddesc
updateddesc
updateddesc
updateddesc
updateddesc
Expected values are:
updateddesc
updateddesc
updateddesc
updateddesc
updateddesc
*****In Page no  2:*****
Actual values are:
JAVA
dsc17
dsc16
desc21
desc20
Expected values are:
dsc17
dsc16
desc21
desc20
JAVA
At Row 1:expected= dsc17 but actual =JAVA
At Row 2:expected= dsc16 but actual =dsc17
At Row 3:expected= desc21 but actual =dsc16
At Row 4:expected= desc20 but actual =desc21
At Row 5:expected= JAVA but actual =desc20
*****In Page no  3:*****
Actual values are:
desc14
desc11
desc10
desc
Expected values are:
desc14
desc11
desc10
desc
  Then User can see the results in descending order of Program Description                 # stepdefinitions.Program_Descorder.user_can_see_the_results_in_descending_order_of_program_description()
]]></system-out>
  </testcase>
  <testcase name="Verify that the results are displayed in descending order of Program Status" classname="Validate the Results are displayed in descending order" time="2.903">
    <system-out><![CDATA[
@desc_orderresults @status_descorder
Scenario: Verify that the results are displayed in descending order of Program Status # src/test/resources/features/Feature3programfeatures/step9_3_program_dscorderresults.feature:18
Current page no : 1
  Given User is on first page of Manage Program                                       # stepdefinitions.Program_PaginationSteps.user_is_on_first_page_of_manage_program()
  When User clicks on the descending arrow (down ) near to the Program status         # stepdefinitions.Program_Descorder.user_clicks_on_the_descending_arrow_down_near_to_the_program_status()
*****In Page no  1:*****
Actual values are:
Inactive
Inactive
Inactive
Inactive
Inactive
Expected values are:
Inactive
Inactive
Inactive
Inactive
Inactive
*****In Page no  2:*****
Actual values are:
Inactive
Inactive
Inactive
Inactive
Inactive
Expected values are:
Inactive
Inactive
Inactive
Inactive
Inactive
*****In Page no  3:*****
Actual values are:
Active
Active
Active
Active
Expected values are:
Active
Active
Active
Active
  Then User can see the results in descending order of Program status                 # stepdefinitions.Program_Descorder.user_can_see_the_results_in_descending_order_of_program_status()
]]></system-out>
  </testcase>
  <testcase name="Validate the heading" classname="Assignment Heading" time="3.144">
    <system-out><![CDATA[
@assign_heading
Scenario: Validate the heading                                                        # src/test/resources/features/Feature4assignmentfeatures/step1_assignment_Heading.feature:4
  Given User is logged on to LMS website                                              # stepdefinitions.Assignment_headingSteps.user_is_logged_on_to_lms_website()
  When User is on Manage Assignment page                                              # stepdefinitions.Assignment_headingSteps.user_is_on_manage_assignment_page()
Expected value:Manage Assignment
Actual value:Manage Assignment
  Then User should see a heading with text 'Manage Assignment' on the Assignment page # stepdefinitions.Assignment_headingSteps.user_should_see_a_heading_with_text_on_the_assignment_page(java.lang.String)
]]></system-out>
  </testcase>
  <testcase name="Validate the text below the table" classname="Assignment Footer" time="3.106">
    <system-out><![CDATA[
@assign_footer
Scenario: Validate the text below the table                                                         # src/test/resources/features/Feature4assignmentfeatures/step2_assignement_Footer.feature:11
  Given User is logged on to LMS website                                                            # stepdefinitions.Assignment_headingSteps.user_is_logged_on_to_lms_website()
  When User is on Manage Assignment page                                                            # stepdefinitions.Assignment_headingSteps.user_is_on_manage_assignment_page()
Expected value:Showing 1 to 3 of 3 entries
Actual value:Showing 1 to 3 of 3 entries
  Then User should see the text as 'Showing 1 to 3 of 3 entries' below the table on Assignment Page # stepdefinitions.AssignementfooterSteps.below_the_table(java.lang.String)
]]></system-out>
  </testcase>
  <testcase name="Validate the footer" classname="Assignment Footer" time="3.103">
    <system-out><![CDATA[
@assign_footer
Scenario: Validate the footer                                                               # src/test/resources/features/Feature4assignmentfeatures/step2_assignement_Footer.feature:14
  Given User is logged on to LMS website                                                    # stepdefinitions.Assignment_headingSteps.user_is_logged_on_to_lms_website()
  When User is on Manage Assignment page                                                    # stepdefinitions.Assignment_headingSteps.user_is_on_manage_assignment_page()
Expected value:In total there are 3 assignments.
validating assignement page footer text
Actual value:In total there are 3 assignments.
  Then User should see the footer as 'In total there are 3 assignments.' on Assignment Page # stepdefinitions.AssignementfooterSteps.user_should_see_the_footer_as(java.lang.String)
]]></system-out>
  </testcase>
  <testcase name="Verify that the results are displayed in Ascending order of Assignment name" classname="Results in Ascending order" time="3.06">
    <system-out><![CDATA[
@assign_asc
Scenario: Verify that the results are displayed in Ascending order of Assignment name # src/test/resources/features/Feature4assignmentfeatures/step3_assignment_asendingorder.feature:5
  Given User is on Manage Assignment page                                             # stepdefinitions.Assignment_headingSteps.user_is_on_manage_assignment_page()
  When User clicks onthe Ascending arrow (Up ) near to the Assignment name            # stepdefinitions.ResultAsendingOrderSteps.user_clicks_onthe_ascending_arrow_down_near_to_the_assignment_name()
  Then User can see the results in Ascending order of Assignment name                 # stepdefinitions.ResultAsendingOrderSteps.user_can_see_the_results_in_ascending_order_of_assignment_name()
]]></system-out>
  </testcase>
  <testcase name="Verify that the results are displayed in Ascending order of Assignment Description" classname="Results in Ascending order" time="5.284">
    <system-out><![CDATA[
@assign_asc
Scenario: Verify that the results are displayed in Ascending order of Assignment Description # src/test/resources/features/Feature4assignmentfeatures/step3_assignment_asendingorder.feature:10
  Given User is on Manage Assignment page                                                    # stepdefinitions.Assignment_headingSteps.user_is_on_manage_assignment_page()
  When User clicks onthe Ascending arrow (Up ) near to the Assignment Description            # stepdefinitions.ResultAsendingOrderSteps.user_clicks_onthe_ascending_arrow_down_near_to_the_assignment_description()
*****In Page no  1:*****
Actual values are:
Dev Practice
Selenium Practice
SQL Practice
Sorted values are:
Dev Practice
SQL Practice
Selenium Practice
At Row 2:expected= SQL Practice but actual =Selenium Practice
At Row 3:expected= Selenium Practice but actual =SQL Practice
  Then User can see the results in Ascending order of Assignment Description                 # stepdefinitions.ResultAsendingOrderSteps.user_can_see_the_results_in_ascending_order_of_assignment_description()
]]></system-out>
  </testcase>
  <testcase name="Validate Search Feature" classname="Search Assignment" time="3.108">
    <system-out><![CDATA[
@assign_search
Scenario: Validate Search Feature                       # src/test/resources/features/Feature4assignmentfeatures/step4_assignment_Search.feature:4
  Given User is logged on to LMS website                # stepdefinitions.Assignment_headingSteps.user_is_logged_on_to_lms_website()
  When User is on Manage Assignment page                # stepdefinitions.Assignment_headingSteps.user_is_on_manage_assignment_page()
Expected value:Search...
Actual value:Search...
  Then Text box used for search has text as 'Search...' # stepdefinitions.Assignment_searchSteps.text_box_used_for_search_has_text_as(java.lang.String)
]]></system-out>
  </testcase>
  <testcase name="Search Assignment By Name" classname="Search Assignment" time="4.321">
    <system-out><![CDATA[
@assign_search
Scenario: Search Assignment By Name                              # src/test/resources/features/Feature4assignmentfeatures/step4_assignment_Search.feature:9
  Given User is on  Manage Assignment page                       # stepdefinitions.Assignment_searchSteps.user_is_on_manage_assignment_page()
  When User clicks on search with <name phrase> into search box. # stepdefinitions.Assignment_searchSteps.user_clicks_on_search_with_name_phrase_into_search_box()
In Page 1
current page record :1
SQL ASSIGNMENTis present in row1
Total Pages:  1
Total Records:  1
hihiihihihihihi
  Then Entries for <name phrase> are shown.                      # stepdefinitions.Assignment_searchSteps.entries_for_name_phrase_are_shown()
]]></system-out>
  </testcase>
  <testcase name="validate add new assignment" classname="Add new assignment" time="3.393">
    <system-out><![CDATA[
@assign_add
Scenario: validate add new assignment       # src/test/resources/features/Feature4assignmentfeatures/step5_assignment_add.feature:4
  Given User is on Manage Assignment page   # stepdefinitions.Assignment_headingSteps.user_is_on_manage_assignment_page()
  When User clicks A New Assignment button  # stepdefinitions.AddNewAssignmentSteps.user_clicks_a_new_assignment_button()
Dialog box is displayed: true
  Then User can see Assignment details form # stepdefinitions.AddNewAssignmentSteps.user_can_see_assignment_details_form()
]]></system-out>
  </testcase>
  <testcase name="Empty form submission" classname="Add new assignment" time="0.159">
    <system-out><![CDATA[
@assign_add
Scenario: Empty form submission                      # src/test/resources/features/Feature4assignmentfeatures/step5_assignment_add.feature:9
  Given User is on Assignment Details form           # stepdefinitions.EditAssignementSteps.user_is_on_assignment_details_form()
  When User clicks Save button without entering data # stepdefinitions.AddNewAssignmentSteps.user_clicks_save_button_without_entering_data()
  Then User gets message 'Name is required'          # stepdefinitions.AddNewAssignmentSteps.user_gets_message(java.lang.String)
]]></system-out>
  </testcase>
  <testcase name="Enter Assignment Name" classname="Add new assignment" time="0.228">
    <system-out><![CDATA[
@assign_add
Scenario: Enter Assignment Name            # src/test/resources/features/Feature4assignmentfeatures/step5_assignment_add.feature:14
  Given User is on Assignment Details form # stepdefinitions.EditAssignementSteps.user_is_on_assignment_details_form()
  When User enters Assignment name         # stepdefinitions.AddNewAssignmentSteps.user_enters_assignment_name()
assignement Name entered:SQL1 assignment
  Then User can see Name entered           # stepdefinitions.AddNewAssignmentSteps.user_can_see_entered()
]]></system-out>
  </testcase>
  <testcase name="Enter Assignment Description" classname="Add new assignment" time="0.186">
    <system-out><![CDATA[
@assign_add
Scenario: Enter Assignment Description     # src/test/resources/features/Feature4assignmentfeatures/step5_assignment_add.feature:19
  Given User is on Assignment Details form # stepdefinitions.EditAssignementSteps.user_is_on_assignment_details_form()
  When User enters Assignment description  # stepdefinitions.AddNewAssignmentSteps.user_enters_assignment_description()
assignment Description entered:SQL2 Practices
  Then User can see Description entered    # stepdefinitions.AddNewAssignmentSteps.user_can_see_updated_assignment_description()
]]></system-out>
  </testcase>
  <testcase name="Enter assignment grade" classname="Add new assignment" time="0.202">
    <system-out><![CDATA[
@assign_add
Scenario: Enter assignment grade           # src/test/resources/features/Feature4assignmentfeatures/step5_assignment_add.feature:24
  Given User is on Assignment Details form # stepdefinitions.EditAssignementSteps.user_is_on_assignment_details_form()
  When User enters assignment grade        # stepdefinitions.AddNewAssignmentSteps.user_enters_assignment_grade()
assignment grade entered:2
  Then User can see Grade entered          # stepdefinitions.AddNewAssignmentSteps.user_can_see_updated_assignment_grade()
]]></system-out>
  </testcase>
  <testcase name="Enter assignment due date" classname="Add new assignment" time="0.225">
    <system-out><![CDATA[
@assign_add
Scenario: Enter assignment due date        # src/test/resources/features/Feature4assignmentfeatures/step5_assignment_add.feature:29
  Given User is on Assignment Details form # stepdefinitions.EditAssignementSteps.user_is_on_assignment_details_form()
  When User enters assignment due date     # stepdefinitions.AddNewAssignmentSteps.user_enters_assignment_due_date()
assignment due date entered:19
  Then User can see Assignment due date    # stepdefinitions.AddNewAssignmentSteps.user_can_see_assignment_due_date()
]]></system-out>
  </testcase>
  <testcase name="Click Cancel" classname="Add new assignment" time="0.076">
    <system-out><![CDATA[
@assign_add
Scenario: Click Cancel                                 # src/test/resources/features/Feature4assignmentfeatures/step5_assignment_add.feature:34
  Given User is on Assignment Details form             # stepdefinitions.EditAssignementSteps.user_is_on_assignment_details_form()
  When User clicks Cancel button                       # stepdefinitions.AddNewAssignmentSteps.user_clicks_cancel_button()
false
  Then User can get assignment Details form disappears # stepdefinitions.AddNewAssignmentSteps.user_can_see_assignment_details_form_disappears()
]]></system-out>
  </testcase>
  <testcase name="Click Save" classname="Add new assignment" time="0.069">
    <system-out><![CDATA[
@assign_add
Scenario: Click Save                                        # src/test/resources/features/Feature4assignmentfeatures/step5_assignment_add.feature:40
  Given User is on Assignment Details form                  # stepdefinitions.EditAssignementSteps.user_is_on_assignment_details_form()
  When User clicks Save button                              # stepdefinitions.AddNewAssignmentSteps.user_clicks_save_button()
  Then User can get 'Successful assignment created' message # stepdefinitions.AddNewAssignmentSteps.user_can_see_message(java.lang.String)
]]></system-out>
  </testcase>
  <testcase name="Click Delete" classname="Delete Assignment" time="0.33">
    <system-out><![CDATA[
@assign_delete
Scenario: Click Delete                                                # src/test/resources/features/Feature4assignmentfeatures/step6_assignment_delete.feature:4
  Given User is on Assignment page                                    # stepdefinitions.AssignmentDeleteSteps.user_is_on_assignment_page()
==========Inside Assignment Delete ===========
 ++++++++++++ INSIDE   JAVA CLICK ++++++++++++++++++++=
  When User clicks on a <Delete> button after selecting an assignment # stepdefinitions.AssignmentDeleteSteps.user_clicks_on_a_delete_button()
  Then User lands on a Confirm Deletion form.                         # stepdefinitions.AssignmentDeleteSteps.user_lands_on_a_confirm_deletion_form()
]]></system-out>
  </testcase>
  <testcase name="Click No" classname="Delete Assignment" time="1.128">
    <system-out><![CDATA[
@assign_delete
Scenario: Click No                                     # src/test/resources/features/Feature4assignmentfeatures/step6_assignment_delete.feature:9
  Given User is on a Confirm Deletion form             # stepdefinitions.AssignmentDeleteSteps.user_is_on_a_confirm_deletion_form()
Clicked No button
  When User clicks on <No> button                      # stepdefinitions.AssignmentDeleteSteps.user_clicks_on_no_button()
  Then User can see a Confirm Deletion form disappears # stepdefinitions.AssignmentDeleteSteps.user_can_see_a_confirm_deletion_form_disappears()
]]></system-out>
  </testcase>
  <testcase name="Click Yes" classname="Delete Assignment" time="0.232">
    <system-out><![CDATA[
@assign_delete
Scenario: Click Yes                                         # src/test/resources/features/Feature4assignmentfeatures/step6_assignment_delete.feature:14
  Given User is on a Confirm Deletion form                  # stepdefinitions.AssignmentDeleteSteps.user_is_on_a_confirm_deletion_form()
  When User clicks on <Yes> button                          # stepdefinitions.AssignmentDeleteSteps.user_clicks_on_yes_button()
  Then User can see 'Successful Assignment Deleted' message # stepdefinitions.Program_Delete_Steps.user_can_see_message(java.lang.String)
]]></system-out>
  </testcase>
  <testcase name="Select Assignment" classname="Edit Assignment Details" time="0.201">
    <system-out><![CDATA[
@assign_edit
Scenario: Select Assignment                                       # src/test/resources/features/Feature4assignmentfeatures/step7_assignment_edit.feature:4
  Given User is on the Assignment page                            # stepdefinitions.EditAssignementSteps.user_is_on_the_assignment_page()
Inside assignment checkbox page
  When User selects Assignment using checkbox on assignement page # stepdefinitions.EditAssignementSteps.user_selects_assignment_using_checkbox_on_assignement_page()
true
  Then Assignment gets selected on assignement page               # stepdefinitions.EditAssignementSteps.assignment_gets_selected_on_assignement_page()
]]></system-out>
  </testcase>
  <testcase name="Edit Feature" classname="Edit Assignment Details" time="0.134">
    <system-out><![CDATA[
@assign_edit
Scenario: Edit Feature                                           # src/test/resources/features/Feature4assignmentfeatures/step7_assignment_edit.feature:9
  Given User is on the Assignment page                           # stepdefinitions.EditAssignementSteps.user_is_on_the_assignment_page()
  When User clicks on <Edit> button on assignement page          # stepdefinitions.EditAssignementSteps.user_clicks_on_edit_button_on_assignement_page()
true
  Then User lands on Assignment Details form of assignement page # stepdefinitions.EditAssignementSteps.user_lands_on_assignment_details_form_of_assignement_page()
]]></system-out>
  </testcase>
  <testcase name="Edit Assignment Name" classname="Edit Assignment Details" time="0.216">
    <system-out><![CDATA[
@assign_edit
Scenario: Edit Assignment Name              # src/test/resources/features/Feature4assignmentfeatures/step7_assignment_edit.feature:14
  Given User is on Assignment Details form  # stepdefinitions.EditAssignementSteps.user_is_on_assignment_details_form()
  When User edits assignment Name           # stepdefinitions.EditAssignementSteps.user_edits_assignment_name()
assignement Name entered:SQL1 assignment
  Then User can see updated assignment Name # stepdefinitions.EditAssignementSteps.user_can_see_updated_assignment_name()
]]></system-out>
  </testcase>
  <testcase name="Edit Assignment Description" classname="Edit Assignment Details" time="0.171">
    <system-out><![CDATA[
@assign_edit
Scenario: Edit Assignment Description              # src/test/resources/features/Feature4assignmentfeatures/step7_assignment_edit.feature:19
  Given User is on Assignment Details form         # stepdefinitions.EditAssignementSteps.user_is_on_assignment_details_form()
  When User edits Assignment Description           # stepdefinitions.EditAssignementSteps.user_edits_assignment_description()
assignment Description entered:Selenium PracticeSQL2 Practices
  Then User can see updated Assignment Description # stepdefinitions.EditAssignementSteps.user_can_see_updated_assignment_description()
]]></system-out>
  </testcase>
  <testcase name="Edit Assignment Grade" classname="Edit Assignment Details" time="0.205">
    <system-out><![CDATA[
@assign_edit
Scenario: Edit Assignment Grade              # src/test/resources/features/Feature4assignmentfeatures/step7_assignment_edit.feature:24
  Given User is on Assignment Details form   # stepdefinitions.EditAssignementSteps.user_is_on_assignment_details_form()
  When User edits  Assignment Grade          # stepdefinitions.EditAssignementSteps.user_edits_assignment_grade()
assignment grade entered:2
  Then User can see updated Assignment Grade # stepdefinitions.EditAssignementSteps.user_can_see_updated_assignment_grade()
]]></system-out>
  </testcase>
  <testcase name="Edit Assignment Due Date" classname="Edit Assignment Details" time="0.213">
    <system-out><![CDATA[
@assign_edit
Scenario: Edit Assignment Due Date              # src/test/resources/features/Feature4assignmentfeatures/step7_assignment_edit.feature:29
  Given User is on Assignment Details form      # stepdefinitions.EditAssignementSteps.user_is_on_assignment_details_form()
  When User edits Assignment Due Date           # stepdefinitions.EditAssignementSteps.user_edits_assignment_due_date()
assignment due date entered:19
  Then User can see updated Assignment Due Date # stepdefinitions.EditAssignementSteps.user_can_see_updated_assignment_due_date()
]]></system-out>
  </testcase>
  <testcase name="Click Cancel" classname="Edit Assignment Details" time="0.072">
    <system-out><![CDATA[
@assign_edit
Scenario: Click Cancel                                 # src/test/resources/features/Feature4assignmentfeatures/step7_assignment_edit.feature:34
  Given User is on Assignment Details form             # stepdefinitions.EditAssignementSteps.user_is_on_assignment_details_form()
  When User clicks <Cancel> button on form             # stepdefinitions.EditAssignementSteps.user_clicks_cancel_button_on_form()
false
  Then User can see Assignment Details form disappears # stepdefinitions.EditAssignementSteps.user_can_see_assignment_details_form_disappears()
]]></system-out>
  </testcase>
  <testcase name="Click Save" classname="Edit Assignment Details" time="0.076">
    <system-out><![CDATA[
@assign_edit
Scenario: Click Save                                          # src/test/resources/features/Feature4assignmentfeatures/step7_assignment_edit.feature:39
  Given User is on Assignment Details form                    # stepdefinitions.EditAssignementSteps.user_is_on_assignment_details_form()
  When User clicks <Save> button on form                      # stepdefinitions.EditAssignementSteps.user_clicks_save_button_on_form()
  Then User can see a 'Successful Assignment Updated' message # stepdefinitions.EditAssignementSteps.user_can_see_a_message(java.lang.String)
]]></system-out>
  </testcase>
  <testcase name="Verify landing in Manage user page" classname="Manage User page" time="3.293">
    <system-out><![CDATA[
@user_manage
Scenario: Verify landing in Manage user page # src/test/resources/features/Feature5userfeatures/step1_user_manage.feature:4
  Given User is on any page after login      # stepdefinitions.UserManagePageSteps.user_is_on_any_page_after_login()
  When User clicks the Tab 'User'            # stepdefinitions.UserManagePageSteps.user_clicks_the_tab(java.lang.String)
  Then User should see the Manage user page  # stepdefinitions.UserManagePageSteps.user_should_see_the_manage_user_page()
]]></system-out>
  </testcase>
  <testcase name="Verify the manage user page heading" classname="User Page Heading" time="3.042">
    <system-out><![CDATA[
@user_pageHeading
Scenario: Verify the manage user page heading              # src/test/resources/features/Feature5userfeatures/step2_user_pageheading.feature:4
  Given User is on any page after login                    # stepdefinitions.UserManagePageSteps.user_is_on_any_page_after_login()
  When User is on Manage user page after clicking User Tab # stepdefinitions.UserHeadingPageSteps.user_is_on_manage_user_page_after_clicking_user_tab()
  Then User should see the page heading as 'Manage User'   # stepdefinitions.UserHeadingPageSteps.user_should_see_the_page_heading_as(java.lang.String)
]]></system-out>
  </testcase>
  <testcase name="Verify the presence of pagination" classname="Pagination" time="3.041">
    <system-out><![CDATA[
@user_pagination
Scenario: Verify the presence of pagination                         # src/test/resources/features/Feature5userfeatures/step3_user_pagination.feature:4
  Given User is on any page after login                             # stepdefinitions.UserManagePageSteps.user_is_on_any_page_after_login()
  When User is on Manage user page after clicking User Tab          # stepdefinitions.UserHeadingPageSteps.user_is_on_manage_user_page_after_clicking_user_tab()
  Then user should see the pagination controls below the data table # stepdefinitions.UserPaginationSteps.user_should_see_the_pagination_controls_below_the_data_table()
]]></system-out>
  </testcase>
  <testcase name="Verify the pagination control with less rows" classname="Pagination" time="0.048">
    <system-out><![CDATA[
@user_pagination
Scenario: Verify the pagination control with less rows     # src/test/resources/features/Feature5userfeatures/step3_user_pagination.feature:9
  Given User is on Manage user page                        # stepdefinitions.UserPaginationSteps.user_is_on_manage_user_page()
  When Manage user table has less than or equals to 5 rows # stepdefinitions.UserPaginationSteps.manage_user_table_has_less_than_or_equals_to_rows(java.lang.Integer)
  Then Pagination control should be disabled               # stepdefinitions.UserPaginationSteps.pagination_control_should_be_disabled()
]]></system-out>
  </testcase>
  <testcase name="Verify table footer" classname="Table footer" time="0.031">
    <system-out><![CDATA[
@user_footer
Scenario: Verify table footer                                            # src/test/resources/features/Feature5userfeatures/step4_user_tablefooter.feature:4
  Given User is logged on to the LMS website                             # stepdefinitions.UserTableFooterSteps.user_is_logged_on_to_the_lms_website()
  When User lands on Manage User page                                    # stepdefinitions.UserTableFooterSteps.user_lands_on_manage_user_page()
  Then User should see the table footer as 'In total there are 4 users.' # stepdefinitions.UserTableFooterSteps.user_should_see_the_table_footer_as(java.lang.String)
]]></system-out>
  </testcase>
  <testcase name="Verify the presence of Add new user button" classname="Add new user" time="0.031">
    <system-out><![CDATA[
@add_newUser
Scenario: Verify the presence of Add new user button           # src/test/resources/features/Feature5userfeatures/step5_addnewuser.feature:4
  Given User is on Manage User page                            # stepdefinitions.UserAddNewUserSteps.user_is_on_manage_user_page()
  When User is on the Manage user page after clicking Uset tab # stepdefinitions.UserAddNewUserSteps.user_is_on_the_manage_user_page_after_clicking_uset_tab()
  Then User should see a button with the text + 'Add New User' # stepdefinitions.UserAddNewUserSteps.user_should_see_a_button_with_the_text(java.lang.String)
]]></system-out>
  </testcase>
  <testcase name="Verify the functionality of Add new user button" classname="Add new user" time="0.231">
    <system-out><![CDATA[
@add_newUser
Scenario: Verify the functionality of Add new user button # src/test/resources/features/Feature5userfeatures/step5_addnewuser.feature:9
  Given User is on Manage User page                       # stepdefinitions.UserAddNewUserSteps.user_is_on_manage_user_page()
  When User clicks Add New User button                    # stepdefinitions.UserAddNewUserSteps.user_clicks_add_new_user_button()
  Then User should see the "User Details" dialog box      # stepdefinitions.UserAddNewUserSteps.user_should_see_the_dialog_box(java.lang.String)
]]></system-out>
  </testcase>
  <testcase name="Verify Table header" classname="Table header" time="3.253">
    <system-out><![CDATA[
@user_header
Scenario: Verify Table header                                                                                                   # src/test/resources/features/Feature5userfeatures/step6_user_tableheader.feature:4
  Given User is on any page after login                                                                                         # stepdefinitions.UserManagePageSteps.user_is_on_any_page_after_login()
  When User is on the Manage user page after clicking User Tab                                                                  # stepdefinitions.UserTableHeaderSteps.user_is_on_the_manage_user_page_after_clicking_user_tab()
  Then User should see the table header as Empty checkbox-icon and all the fields with sorticon, edit and delete as column name # stepdefinitions.UserTableHeaderSteps.user_should_see_the_table_header_as_empty_checkbox_icon_and_all_the_fields_with_sorticon_edit_and_delete_as_column_name()
]]></system-out>
  </testcase>
  <testcase name="Verify the functionality of sort icon present in table header" classname="Table header" time="0.117">
    <system-out><![CDATA[
@user_header
Scenario: Verify the functionality of sort icon present in table header # src/test/resources/features/Feature5userfeatures/step6_user_tableheader.feature:10
  Given User table is displayed in manage user page                     # stepdefinitions.UserTableHeaderSteps.user_table_is_displayed_in_manage_user_page()
  When User clicks sort icon in table header                            # stepdefinitions.UserTableHeaderSteps.user_clicks_sort_icon_in_table_header()
Inside validate FirstRow after sorting method 
Email After Sorting -------------david@abc.com
  Then Table rows should be sorted                                      # stepdefinitions.UserTableHeaderSteps.table_rows_should_be_sorted()
]]></system-out>
  </testcase>
  <testcase name="User checks Checkbox in table header" classname="Table header" time="20.371">
    <system-out><![CDATA[
@user_header
Scenario: User checks Checkbox in table header               # src/test/resources/features/Feature5userfeatures/step6_user_tableheader.feature:15
  Given User table is displayed in manage user page          # stepdefinitions.UserTableHeaderSteps.user_table_is_displayed_in_manage_user_page()
Is Check box selected -------------true
  When User checks empty checkbox in header                  # stepdefinitions.UserTableHeaderSteps.user_checks_empty_checkbox_in_header()
Inside validatin all rows selected 
Checking all the values are selected :::::::::true
  Then check box in all rows of user table should be checked # stepdefinitions.UserTableHeaderSteps.check_box_in_all_rows_of_user_table_should_be_checked()
]]></system-out>
  </testcase>
  <testcase name="User unchecks Checkbox in table header" classname="Table header" time="1.191">
    <system-out><![CDATA[
@user_header
Scenario: User unchecks Checkbox in table header               # src/test/resources/features/Feature5userfeatures/step6_user_tableheader.feature:20
  Given User table is displayed in manage user page            # stepdefinitions.UserTableHeaderSteps.user_table_is_displayed_in_manage_user_page()
  When User unchecks empty checkbox in header                  # stepdefinitions.UserTableHeaderSteps.user_unchecks_empty_checkbox_in_header()
Inside validatin all rows selected 
Checking all the values are un selected :::::::::false
  Then check box in all rows of user table should be unchecked # stepdefinitions.UserTableHeaderSteps.check_box_in_all_rows_of_user_table_should_be_unchecked()
]]></system-out>
  </testcase>
  <testcase name="Verifying the presence of Delete icon in manage user page" classname="Delete icon" time="3.057">
    <system-out><![CDATA[
@user_deleteicon
Scenario: Verifying the presence of Delete icon in manage user page             # src/test/resources/features/Feature5userfeatures/step7_deleteicon.feature:4
  Given User is on any page after login                                         # stepdefinitions.UserManagePageSteps.user_is_on_any_page_after_login()
  When User is on the Manage user page after clicking User Tab                  # stepdefinitions.UserTableHeaderSteps.user_is_on_the_manage_user_page_after_clicking_user_tab()
  Then User should see the delete icon at the top left corner of the user table # stepdefinitions.UserDeleteiconSteps.user_should_see_the_delete_icon_at_the_top_left_corner_of_the_user_table()
]]></system-out>
  </testcase>
  <testcase name="Behaviour of delete icon when rows unchecked" classname="Delete icon" time="8.673">
    <system-out><![CDATA[
@user_deleteicon
Scenario: Behaviour of delete icon when rows unchecked               # src/test/resources/features/Feature5userfeatures/step7_deleteicon.feature:10
  Given User table is displayed in manage user page                  # stepdefinitions.UserTableHeaderSteps.user_table_is_displayed_in_manage_user_page()
Inside validatin all rows selected 
  When no rows is checked                                            # stepdefinitions.UserDeleteiconSteps.no_rows_is_checked()
  Then Delete icon on the top left corner of the user table disabled # stepdefinitions.UserDeleteiconSteps.delete_icon_on_the_top_left_corner_of_the_user_table_disabled()
]]></system-out>
  </testcase>
  <testcase name="Behaviour of delete icon when rows checked" classname="Delete icon" time="8.772">
    <system-out><![CDATA[
@user_deleteicon
Scenario: Behaviour of delete icon when rows checked                # src/test/resources/features/Feature5userfeatures/step7_deleteicon.feature:15
  Given User table is displayed in manage user page                 # stepdefinitions.UserTableHeaderSteps.user_table_is_displayed_in_manage_user_page()
  When User checks rows in the user table                           # stepdefinitions.UserDeleteiconSteps.user_checks_rows_in_the_user_table()
  Then Delete icon on the top left corner of the user table enabled # stepdefinitions.UserDeleteiconSteps.delete_icon_on_the_top_left_corner_of_the_user_table_enabled()
]]></system-out>
  </testcase>
  <testcase name="Logging out" classname="Logout" time="0.733">
    <system-out><![CDATA[
@logout
Scenario: Logging out                        # src/test/resources/features/logoutfeature/Logout.feature:3
  Given User has completed all the workflows # stepdefinitions.LogoutSteps.user_has_completed_all_the_workflows()
  When User clicks on logout                 # stepdefinitions.LogoutSteps.user_clicks_on_logout()
  Then LMS login page should be landed       # stepdefinitions.LogoutSteps.lms_login_page_should_be_landed()
]]></system-out>
  </testcase>
</testsuite>